<?xml version="1.0" encoding="UTF-8"?>
<!-- Generated by org.testng.reporters.JUnitXMLReporter -->
<testsuite ignored="0" hostname="DESKTOP-E4QNE7I" failures="7" tests="36" name="Search Functionality Test" time="141.92" errors="0" timestamp="2026-02-22T22:08:54 IST">
  <testcase classname="com.TestCase.LandingPageTestCases" name="subscribedMail" time="1.096"/>
  <testcase classname="com.TestCase.LandingPageTestCases" name="subscribedMail" time="1.044"/>
  <testcase classname="com.TestCase.LandingPageTestCases" name="subscribedMail" time="0.53"/>
  <testcase classname="com.TestCase.LandingPageTestCases" name="searchProduct" time="0.622">
    <failure type="java.lang.AssertionError" message="Valid product search failed expected [Product Found,Search results] but found [Search results]">
      <![CDATA[java.lang.AssertionError: Valid product search failed expected [Product Found,Search results] but found [Search results]
at com.TestCase.LandingPageTestCases.searchProduct(LandingPageTestCases.java:53)
at java.base/java.util.ArrayList.forEach(ArrayList.java:1597)
... Removed 30 stack frames]]>
    </failure>
  </testcase> <!-- searchProduct -->
  <testcase classname="com.TestCase.LandingPageTestCases" name="searchProduct" time="0.601">
    <failure type="java.lang.AssertionError" message="Valid product search failed expected [Product Found,Search results] but found [Search results]">
      <![CDATA[java.lang.AssertionError: Valid product search failed expected [Product Found,Search results] but found [Search results]
at com.TestCase.LandingPageTestCases.searchProduct(LandingPageTestCases.java:53)
at java.base/java.util.ArrayList.forEach(ArrayList.java:1597)
... Removed 30 stack frames]]>
    </failure>
  </testcase> <!-- searchProduct -->
  <testcase classname="com.TestCase.LandingPageTestCases" name="searchProduct" time="0.635"/>
  <testcase classname="com.TestCase.LandingPageTestCases" name="searchProduct" time="0.553"/>
  <testcase classname="com.TestCase.LandingPageTestCases" name="searchProduct" time="0.73"/>
  <testcase classname="com.TestCase.LandingPageTestCases" name="verifyLinkedin" time="0.069"/>
  <testcase classname="com.TestCase.LandingPageTestCases" name="verifyFacebook" time="0.055"/>
  <testcase classname="com.TestCase.LandingPageTestCases" name="verifyTwitter" time="0.072"/>
  <testcase classname="com.TestCase.LandingPageTestCases" name="verifyVimeo" time="0.069"/>
  <testcase classname="com.TestCase.LandingPageTestCases" name="verifyCubeCart" time="0.095"/>
  <testcase classname="com.TestCase.LandingPageTestCases" name="verifySmartProduct" time="0.046"/>
  <testcase classname="com.TestCase.LandingPageTestCases" name="verifySaleItem" time="0.067"/>
  <testcase classname="com.TestCase.LandingPageTestCases" name="verifyBasket" time="0.05"/>
  <testcase classname="com.TestCase.RegisterPageTestCases" name="testRegister" time="2.401"/>
  <testcase classname="com.TestCase.RegisterPageTestCases" name="testRegister" time="1.842"/>
  <testcase classname="com.TestCase.RegisterPageTestCases" name="testRegister" time="0.562">
    <failure type="java.lang.IllegalArgumentException" message="Phone number must be exactly 10 digits">
      <![CDATA[java.lang.IllegalArgumentException: Phone number must be exactly 10 digits
at com.JBK.project_Pages.RegisterPage.phone(RegisterPage.java:123)
at com.TestCase.RegisterPageTestCases.testRegister(RegisterPageTestCases.java:26)
at java.base/java.util.ArrayList.forEach(ArrayList.java:1597)
... Removed 25 stack frames]]>
    </failure>
  </testcase> <!-- testRegister -->
  <testcase classname="com.TestCase.RegisterPageTestCases" name="testRegister" time="0.739">
    <failure type="java.lang.IllegalArgumentException" message="Mobile number must be exactly 10 digits">
      <![CDATA[java.lang.IllegalArgumentException: Mobile number must be exactly 10 digits
at com.JBK.project_Pages.RegisterPage.mobile(RegisterPage.java:135)
at com.TestCase.RegisterPageTestCases.testRegister(RegisterPageTestCases.java:27)
at java.base/java.util.ArrayList.forEach(ArrayList.java:1597)
... Removed 25 stack frames]]>
    </failure>
  </testcase> <!-- testRegister -->
  <testcase classname="com.TestCase.RegisterPageTestCases" name="testRegister" time="1.769"/>
  <testcase classname="com.TestCase.RegisterPageTestCases" name="testRegister" time="1.716"/>
  <testcase classname="com.TestCase.RegisterPageTestCases" name="verifyRegisterButton" time="0.04"/>
  <testcase classname="com.TestCase.RegisterPageTestCases" name="verifyResetButton" time="0.057"/>
  <testcase classname="com.TestCase.RegisterPageTestCases" name="verifyLoginHereLink" time="0.046"/>
  <testcase classname="com.TestCase.RegisterPageTestCases" name="verifyCheckboxes" time="0.047">
    <failure type="java.lang.AssertionError" message="Terms checkbox 1 Is already Selected expected [true] but found [false]">
      <![CDATA[java.lang.AssertionError: Terms checkbox 1 Is already Selected expected [true] but found [false]
at com.TestCase.RegisterPageTestCases.verifyCheckboxes(RegisterPageTestCases.java:118)
at java.base/java.util.ArrayList.forEach(ArrayList.java:1597)
... Removed 28 stack frames]]>
    </failure>
  </testcase> <!-- verifyCheckboxes -->
  <testcase classname="com.TestCase.RegisterPageTestCases" name="verifyHomeElement" time="0.057"/>
  <testcase classname="com.TestCase.RegisterPageTestCases" name="verifyRegisterElement" time="0.054"/>
  <testcase classname="com.TestCase.RegisterPageTestCases" name="verifyMyStore" time="3.031">
    <failure type="org.openqa.selenium.NoSuchElementException" message="no such element: Unable to locate element: {&amp;quot;method&amp;quot;:&amp;quot;xpath&amp;quot;,&amp;quot;selector&amp;quot;:&amp;quot;//*[@id=&amp;quot;box-navigation&amp;quot;]/section/ul/li[1]/a/svg/use&amp;quot;}
  (Session info: chrome=145.0.7632.76)
For documentation on this error, please visit: https://www.selenium.dev/documentation/webdriver/troubleshooting/errors#no-such-element-exception
Build info: version: &amp;apos;4.18.1&amp;apos;, revision: &amp;apos;b1d3319b48&amp;apos;
System info: os.name: &amp;apos;Windows 11&amp;apos;, os.arch: &amp;apos;amd64&amp;apos;, os.version: &amp;apos;10.0&amp;apos;, java.version: &amp;apos;22.0.2&amp;apos;
Driver info: org.openqa.selenium.chrome.ChromeDriver
Command: [4f464e531ba9223f73106a2807f2dbc4, findElement {using=xpath, value=//*[@id=&amp;quot;box-navigation&amp;quot;]/section/ul/li[1]/a/svg/use}]
Capabilities {acceptInsecureCerts: false, browserName: chrome, browserVersion: 145.0.7632.76, chrome: {chromedriverVersion: 145.0.7632.77 (da516187054a..., userDataDir: C:\WINDOWS\SystemTemp\scope...}, fedcm:accounts: true, goog:chromeOptions: {debuggerAddress: localhost:57208}, goog:processID: 15592, networkConnectionEnabled: false, pageLoadStrategy: normal, platformName: windows, proxy: Proxy(), se:cdp: ws://localhost:57208/devtoo..., se:cdpVersion: 145.0.7632.76, setWindowRect: true, strictFileInteractability: false, timeouts: {implicit: 0, pageLoad: 300000, script: 30000}, unhandledPromptBehavior: dismiss and notify, webauthn:extension:credBlob: true, webauthn:extension:largeBlob: true, webauthn:extension:minPinLength: true, webauthn:extension:prf: true, webauthn:virtualAuthenticators: true}
Session ID: 4f464e531ba9223f73106a2807f2dbc4">
      <![CDATA[org.openqa.selenium.NoSuchElementException: no such element: Unable to locate element: {"method":"xpath","selector":"//*[@id="box-navigation"]/section/ul/li[1]/a/svg/use"}
  (Session info: chrome=145.0.7632.76)
For documentation on this error, please visit: https://www.selenium.dev/documentation/webdriver/troubleshooting/errors#no-such-element-exception
Build info: version: '4.18.1', revision: 'b1d3319b48'
System info: os.name: 'Windows 11', os.arch: 'amd64', os.version: '10.0', java.version: '22.0.2'
Driver info: org.openqa.selenium.chrome.ChromeDriver
Command: [4f464e531ba9223f73106a2807f2dbc4, findElement {using=xpath, value=//*[@id="box-navigation"]/section/ul/li[1]/a/svg/use}]
Capabilities {acceptInsecureCerts: false, browserName: chrome, browserVersion: 145.0.7632.76, chrome: {chromedriverVersion: 145.0.7632.77 (da516187054a..., userDataDir: C:\WINDOWS\SystemTemp\scope...}, fedcm:accounts: true, goog:chromeOptions: {debuggerAddress: localhost:57208}, goog:processID: 15592, networkConnectionEnabled: false, pageLoadStrategy: normal, platformName: windows, proxy: Proxy(), se:cdp: ws://localhost:57208/devtoo..., se:cdpVersion: 145.0.7632.76, setWindowRect: true, strictFileInteractability: false, timeouts: {implicit: 0, pageLoad: 300000, script: 30000}, unhandledPromptBehavior: dismiss and notify, webauthn:extension:credBlob: true, webauthn:extension:largeBlob: true, webauthn:extension:minPinLength: true, webauthn:extension:prf: true, webauthn:virtualAuthenticators: true}
Session ID: 4f464e531ba9223f73106a2807f2dbc4
at org.openqa.selenium.remote.ErrorCodec.decode(ErrorCodec.java:167)
at org.openqa.selenium.remote.codec.w3c.W3CHttpResponseCodec.decode(W3CHttpResponseCodec.java:138)
at org.openqa.selenium.remote.codec.w3c.W3CHttpResponseCodec.decode(W3CHttpResponseCodec.java:50)
at org.openqa.selenium.remote.HttpCommandExecutor.execute(HttpCommandExecutor.java:190)
at org.openqa.selenium.remote.service.DriverCommandExecutor.invokeExecute(DriverCommandExecutor.java:216)
at org.openqa.selenium.remote.service.DriverCommandExecutor.execute(DriverCommandExecutor.java:174)
at org.openqa.selenium.remote.RemoteWebDriver.execute(RemoteWebDriver.java:519)
at org.openqa.selenium.remote.ElementLocation$ElementFinder$2.findElement(ElementLocation.java:165)
at org.openqa.selenium.remote.ElementLocation.findElement(ElementLocation.java:59)
at org.openqa.selenium.remote.RemoteWebDriver.findElement(RemoteWebDriver.java:356)
at org.openqa.selenium.remote.RemoteWebDriver.findElement(RemoteWebDriver.java:350)
at org.openqa.selenium.support.pagefactory.DefaultElementLocator.findElement(DefaultElementLocator.java:68)
at org.openqa.selenium.support.pagefactory.internal.LocatingElementHandler.invoke(LocatingElementHandler.java:38)
at jdk.proxy2/jdk.proxy2.$Proxy14.click(Unknown Source)
at com.JBK.project_Pages.RegisterPage.clickMyStore(RegisterPage.java:57)
at com.TestCase.RegisterPageTestCases.verifyMyStore(RegisterPageTestCases.java:142)
at java.base/java.util.ArrayList.forEach(ArrayList.java:1597)
... Removed 28 stack frames]]>
    </failure>
  </testcase> <!-- verifyMyStore -->
  <testcase classname="com.TestCase.LoginPageTestCases" name="testLogin" time="0.826"/>
  <testcase classname="com.TestCase.LoginPageTestCases" name="testLogin" time="0.496"/>
  <testcase classname="com.TestCase.LoginPageTestCases" name="testLogin" time="0.955"/>
  <testcase classname="com.TestCase.LoginPageTestCases" name="testLogin" time="0.528"/>
  <testcase classname="com.TestCase.LoginPageTestCases" name="verifyRegisterBtn" time="0.084"/>
  <testcase classname="com.TestCase.LoginPageTestCases" name="verifySmart" time="0.477"/>
  <testcase classname="com.TestCase.LoginPageTestCases" name="verifySaleItem" time="3.032">
    <failure type="org.openqa.selenium.NoSuchElementException" message="no such element: Unable to locate element: {&amp;quot;method&amp;quot;:&amp;quot;xpath&amp;quot;,&amp;quot;selector&amp;quot;:&amp;quot;//*[@id=&amp;quot;main_content&amp;quot;]/h2&amp;quot;}
  (Session info: chrome=145.0.7632.76)
For documentation on this error, please visit: https://www.selenium.dev/documentation/webdriver/troubleshooting/errors#no-such-element-exception
Build info: version: &amp;apos;4.18.1&amp;apos;, revision: &amp;apos;b1d3319b48&amp;apos;
System info: os.name: &amp;apos;Windows 11&amp;apos;, os.arch: &amp;apos;amd64&amp;apos;, os.version: &amp;apos;10.0&amp;apos;, java.version: &amp;apos;22.0.2&amp;apos;
Driver info: org.openqa.selenium.chrome.ChromeDriver
Command: [7611222d2d5e775bdb0c0e7d6ff71748, findElement {using=xpath, value=//*[@id=&amp;quot;main_content&amp;quot;]/h2}]
Capabilities {acceptInsecureCerts: false, browserName: chrome, browserVersion: 145.0.7632.76, chrome: {chromedriverVersion: 145.0.7632.77 (da516187054a..., userDataDir: C:\WINDOWS\SystemTemp\scope...}, fedcm:accounts: true, goog:chromeOptions: {debuggerAddress: localhost:65211}, goog:processID: 9832, networkConnectionEnabled: false, pageLoadStrategy: normal, platformName: windows, proxy: Proxy(), se:cdp: ws://localhost:65211/devtoo..., se:cdpVersion: 145.0.7632.76, setWindowRect: true, strictFileInteractability: false, timeouts: {implicit: 0, pageLoad: 300000, script: 30000}, unhandledPromptBehavior: dismiss and notify, webauthn:extension:credBlob: true, webauthn:extension:largeBlob: true, webauthn:extension:minPinLength: true, webauthn:extension:prf: true, webauthn:virtualAuthenticators: true}
Session ID: 7611222d2d5e775bdb0c0e7d6ff71748">
      <![CDATA[org.openqa.selenium.NoSuchElementException: no such element: Unable to locate element: {"method":"xpath","selector":"//*[@id="main_content"]/h2"}
  (Session info: chrome=145.0.7632.76)
For documentation on this error, please visit: https://www.selenium.dev/documentation/webdriver/troubleshooting/errors#no-such-element-exception
Build info: version: '4.18.1', revision: 'b1d3319b48'
System info: os.name: 'Windows 11', os.arch: 'amd64', os.version: '10.0', java.version: '22.0.2'
Driver info: org.openqa.selenium.chrome.ChromeDriver
Command: [7611222d2d5e775bdb0c0e7d6ff71748, findElement {using=xpath, value=//*[@id="main_content"]/h2}]
Capabilities {acceptInsecureCerts: false, browserName: chrome, browserVersion: 145.0.7632.76, chrome: {chromedriverVersion: 145.0.7632.77 (da516187054a..., userDataDir: C:\WINDOWS\SystemTemp\scope...}, fedcm:accounts: true, goog:chromeOptions: {debuggerAddress: localhost:65211}, goog:processID: 9832, networkConnectionEnabled: false, pageLoadStrategy: normal, platformName: windows, proxy: Proxy(), se:cdp: ws://localhost:65211/devtoo..., se:cdpVersion: 145.0.7632.76, setWindowRect: true, strictFileInteractability: false, timeouts: {implicit: 0, pageLoad: 300000, script: 30000}, unhandledPromptBehavior: dismiss and notify, webauthn:extension:credBlob: true, webauthn:extension:largeBlob: true, webauthn:extension:minPinLength: true, webauthn:extension:prf: true, webauthn:virtualAuthenticators: true}
Session ID: 7611222d2d5e775bdb0c0e7d6ff71748
at org.openqa.selenium.remote.ErrorCodec.decode(ErrorCodec.java:167)
at org.openqa.selenium.remote.codec.w3c.W3CHttpResponseCodec.decode(W3CHttpResponseCodec.java:138)
at org.openqa.selenium.remote.codec.w3c.W3CHttpResponseCodec.decode(W3CHttpResponseCodec.java:50)
at org.openqa.selenium.remote.HttpCommandExecutor.execute(HttpCommandExecutor.java:190)
at org.openqa.selenium.remote.service.DriverCommandExecutor.invokeExecute(DriverCommandExecutor.java:216)
at org.openqa.selenium.remote.service.DriverCommandExecutor.execute(DriverCommandExecutor.java:174)
at org.openqa.selenium.remote.RemoteWebDriver.execute(RemoteWebDriver.java:519)
at org.openqa.selenium.remote.ElementLocation$ElementFinder$2.findElement(ElementLocation.java:165)
at org.openqa.selenium.remote.ElementLocation.findElement(ElementLocation.java:59)
at org.openqa.selenium.remote.RemoteWebDriver.findElement(RemoteWebDriver.java:356)
at org.openqa.selenium.remote.RemoteWebDriver.findElement(RemoteWebDriver.java:350)
at org.openqa.selenium.support.pagefactory.DefaultElementLocator.findElement(DefaultElementLocator.java:68)
at org.openqa.selenium.support.pagefactory.internal.LocatingElementHandler.invoke(LocatingElementHandler.java:38)
at jdk.proxy2/jdk.proxy2.$Proxy14.getText(Unknown Source)
at com.JBK.project_Pages.LoginPage.saleItemMSG(LoginPage.java:34)
at com.TestCase.LoginPageTestCases.verifySaleItem(LoginPageTestCases.java:72)
at java.base/java.util.ArrayList.forEach(ArrayList.java:1597)
... Removed 28 stack frames]]>
    </failure>
  </testcase> <!-- verifySaleItem -->
</testsuite> <!-- Search Functionality Test -->
