<?xml version="1.0" encoding="UTF-8"?>
<!-- Generated by org.testng.reporters.JUnitXMLReporter -->
<testsuite ignored="0" hostname="DESKTOP-E4QNE7I" failures="0" tests="4" name="Search Functionality Test" time="9.345" errors="0" timestamp="2026-02-22T11:35:13 IST">
  <testcase classname="com.TestCase.LoginPageTestCases" name="testLogin" time="0.816"/>
  <testcase classname="com.TestCase.LoginPageTestCases" name="testLogin" time="0.506"/>
  <testcase classname="com.TestCase.LoginPageTestCases" name="testLogin" time="0.656"/>
  <testcase classname="com.TestCase.LoginPageTestCases" name="testLogin" time="0.542"/>
</testsuite> <!-- Search Functionality Test -->
