<!DOCTYPE html PUBLIC "-//W3C//DTD XHTML 1.1//EN" "https://www.w3.org/TR/xhtml11/DTD/xhtml11.dtd">
<html xmlns="https://www.w3.org/1999/xhtml">
<head>
<meta http-equiv="content-type" content="text/html; charset=UTF-8"/>
<title>TestNG Report</title>
<style type="text/css">table {margin-bottom:10px;border-collapse:collapse;empty-cells:show}th,td {border:1px solid #009;padding:.25em .5em}th {vertical-align:bottom}td {vertical-align:top}table a {font-weight:bold}.stripe td {background-color: #E6EBF9}.num {text-align:right}.passedodd td {background-color: #3F3}.passedeven td {background-color: #0A0}.skippedodd td {background-color: #DDD}.skippedeven td {background-color: #CCC}.failedodd td,.attn {background-color: #F33}.failedeven td,.stripe .attn {background-color: #D00}.stacktrace {white-space:pre;font-family:monospace}.totop {font-size:85%;text-align:center;border-bottom:2px solid #000}.invisible {display:none}</style>
</head>
<body>
<table>
<tr><th>Test</th><th># Passed</th><th># Skipped</th><th># Retried</th><th># Failed</th><th>Time (ms)</th><th>Included Groups</th><th>Excluded Groups</th></tr>
<tr><th colspan="8">JBK Project Suite</th></tr>
<tr><td><a href="#t0">Search Functionality Test</a></td><td class="num">9</td><td class="num">0</td><td class="num">0</td><td class="num attn">4</td><td class="num">119,821</td><td></td><td></td></tr>
</table>
<table id='summary'><thead><tr><th>Class</th><th>Method</th><th>Start</th><th>Time (ms)</th></tr></thead><tbody><tr><th colspan="4">JBK Project Suite</th></tr></tbody><tbody id="t0"><tr><th colspan="4">Search Functionality Test &#8212; failed</th></tr><tr class="failedeven"><td rowspan="4">com.TestCase.RegisterPageTestCases</td><td><a href="#m0">testRegister</a></td><td rowspan="2">1771755382967</td><td rowspan="2">341</td></tr><tr class="failedeven"><td><a href="#m1">testRegister</a></td></tr><tr class="failedeven"><td><a href="#m2">verifyCheckboxes</a></td><td rowspan="1">1771755398090</td><td rowspan="1">32</td></tr><tr class="failedeven"><td><a href="#m3">verifyMyStore</a></td><td rowspan="1">1771755416478</td><td rowspan="1">5064</td></tr><tr><th colspan="4">Search Functionality Test &#8212; passed</th></tr><tr class="passedeven"><td rowspan="9">com.TestCase.RegisterPageTestCases</td><td><a href="#m4">testRegister</a></td><td rowspan="4">1771755389675</td><td rowspan="4">761</td></tr><tr class="passedeven"><td><a href="#m5">testRegister</a></td></tr><tr class="passedeven"><td><a href="#m6">testRegister</a></td></tr><tr class="passedeven"><td><a href="#m7">testRegister</a></td></tr><tr class="passedeven"><td><a href="#m8">verifyHomeElement</a></td><td rowspan="1">1771755400165</td><td rowspan="1">31</td></tr><tr class="passedeven"><td><a href="#m9">verifyLoginHereLink</a></td><td rowspan="1">1771755396140</td><td rowspan="1">34</td></tr><tr class="passedeven"><td><a href="#m10">verifyRegisterButton</a></td><td rowspan="1">1771755392349</td><td rowspan="1">27</td></tr><tr class="passedeven"><td><a href="#m11">verifyRegisterElement</a></td><td rowspan="1">1771755402152</td><td rowspan="1">31</td></tr><tr class="passedeven"><td><a href="#m12">verifyResetButton</a></td><td rowspan="1">1771755394345</td><td rowspan="1">23</td></tr></tbody>
</table>
<h2>Search Functionality Test</h2><h3 id="m0">com.TestCase.RegisterPageTestCases#testRegister</h3><table class="result"><tr class="param"><th>Parameter #1</th><th>Parameter #2</th><th>Parameter #3</th><th>Parameter #4</th><th>Parameter #5</th><th>Parameter #6</th><th>Parameter #7</th><th>Parameter #8</th></tr><tr class="param stripe"><td>Account</td><td>Sumit</td><td>Thakre</td><td>sumit@gmail.com</td><td>8421077165</td><td>98765432101</td><td>Test@123</td><td>4</td></tr><tr><th colspan="8">Exception</th></tr><tr><td colspan="8"><div class="stacktrace">java.lang.IllegalArgumentException: Mobile number must be exactly 10 digits
	at com.JBK.project_Pages.RegisterPage.mobile(RegisterPage.java:135)
	at com.TestCase.RegisterPageTestCases.testRegister(RegisterPageTestCases.java:27)
	at java.base/java.util.ArrayList.forEach(ArrayList.java:1597)
... Removed 25 stack frames</div></td></tr></table><p class="totop"><a href="#summary">back to summary</a></p>
<h3 id="m1">com.TestCase.RegisterPageTestCases#testRegister</h3><table class="result"><tr class="param"><th>Parameter #1</th><th>Parameter #2</th><th>Parameter #3</th><th>Parameter #4</th><th>Parameter #5</th><th>Parameter #6</th><th>Parameter #7</th><th>Parameter #8</th></tr><tr class="param stripe"><td>Account</td><td>Amit</td><td>wagh</td><td>amit@gmail.com</td><td>84210771</td><td>9876543210</td><td>Test@123</td><td>3</td></tr><tr><th colspan="8">Exception</th></tr><tr><td colspan="8"><div class="stacktrace">java.lang.IllegalArgumentException: Phone number must be exactly 10 digits
	at com.JBK.project_Pages.RegisterPage.phone(RegisterPage.java:123)
	at com.TestCase.RegisterPageTestCases.testRegister(RegisterPageTestCases.java:26)
	at java.base/java.util.ArrayList.forEach(ArrayList.java:1597)
... Removed 25 stack frames</div></td></tr></table><p class="totop"><a href="#summary">back to summary</a></p>
<h3 id="m2">com.TestCase.RegisterPageTestCases#verifyCheckboxes</h3><table class="result"><tr><th>Exception</th></tr><tr><td><div class="stacktrace">java.lang.AssertionError: Terms checkbox 1 Is already Selected expected [true] but found [false]
	at com.TestCase.RegisterPageTestCases.verifyCheckboxes(RegisterPageTestCases.java:118)
	at java.base/java.util.ArrayList.forEach(ArrayList.java:1597)
... Removed 28 stack frames</div></td></tr></table><p class="totop"><a href="#summary">back to summary</a></p>
<h3 id="m3">com.TestCase.RegisterPageTestCases#verifyMyStore</h3><table class="result"><tr><th>Exception</th></tr><tr><td><div class="stacktrace">org.openqa.selenium.NoSuchElementException: no such element: Unable to locate element: {&quot;method&quot;:&quot;xpath&quot;,&quot;selector&quot;:&quot;//*[@id=&quot;box-navigation&quot;]/section/ul/li[1]/a/svg/use&quot;}
  (Session info: chrome=145.0.7632.76)
For documentation on this error, please visit: https://www.selenium.dev/documentation/webdriver/troubleshooting/errors#no-such-element-exception
Build info: version: &apos;4.18.1&apos;, revision: &apos;b1d3319b48&apos;
System info: os.name: &apos;Windows 11&apos;, os.arch: &apos;amd64&apos;, os.version: &apos;10.0&apos;, java.version: &apos;22.0.2&apos;
Driver info: org.openqa.selenium.chrome.ChromeDriver
Command: [86f93d7803f3fb7ff334bf057d5bb981, findElement {value=//*[@id=&quot;box-navigation&quot;]/section/ul/li[1]/a/svg/use, using=xpath}]
Capabilities {acceptInsecureCerts: false, browserName: chrome, browserVersion: 145.0.7632.76, chrome: {chromedriverVersion: 145.0.7632.77 (da516187054a..., userDataDir: C:\WINDOWS\SystemTemp\scope...}, fedcm:accounts: true, goog:chromeOptions: {debuggerAddress: localhost:57816}, goog:processID: 3012, networkConnectionEnabled: false, pageLoadStrategy: normal, platformName: windows, proxy: Proxy(), se:cdp: ws://localhost:57816/devtoo..., se:cdpVersion: 145.0.7632.76, setWindowRect: true, strictFileInteractability: false, timeouts: {implicit: 0, pageLoad: 300000, script: 30000}, unhandledPromptBehavior: dismiss and notify, webauthn:extension:credBlob: true, webauthn:extension:largeBlob: true, webauthn:extension:minPinLength: true, webauthn:extension:prf: true, webauthn:virtualAuthenticators: true}
Session ID: 86f93d7803f3fb7ff334bf057d5bb981
	at org.openqa.selenium.remote.ErrorCodec.decode(ErrorCodec.java:167)
	at org.openqa.selenium.remote.codec.w3c.W3CHttpResponseCodec.decode(W3CHttpResponseCodec.java:138)
	at org.openqa.selenium.remote.codec.w3c.W3CHttpResponseCodec.decode(W3CHttpResponseCodec.java:50)
	at org.openqa.selenium.remote.HttpCommandExecutor.execute(HttpCommandExecutor.java:190)
	at org.openqa.selenium.remote.service.DriverCommandExecutor.invokeExecute(DriverCommandExecutor.java:216)
	at org.openqa.selenium.remote.service.DriverCommandExecutor.execute(DriverCommandExecutor.java:174)
	at org.openqa.selenium.remote.RemoteWebDriver.execute(RemoteWebDriver.java:519)
	at org.openqa.selenium.remote.ElementLocation$ElementFinder$2.findElement(ElementLocation.java:165)
	at org.openqa.selenium.remote.ElementLocation.findElement(ElementLocation.java:59)
	at org.openqa.selenium.remote.RemoteWebDriver.findElement(RemoteWebDriver.java:356)
	at org.openqa.selenium.remote.RemoteWebDriver.findElement(RemoteWebDriver.java:350)
	at org.openqa.selenium.support.pagefactory.DefaultElementLocator.findElement(DefaultElementLocator.java:68)
	at org.openqa.selenium.support.pagefactory.internal.LocatingElementHandler.invoke(LocatingElementHandler.java:38)
	at jdk.proxy2/jdk.proxy2.$Proxy14.click(Unknown Source)
	at com.JBK.project_Pages.RegisterPage.clickMyStore(RegisterPage.java:57)
	at com.TestCase.RegisterPageTestCases.verifyMyStore(RegisterPageTestCases.java:142)
	at java.base/java.util.ArrayList.forEach(ArrayList.java:1597)
... Removed 28 stack frames</div></td></tr></table><p class="totop"><a href="#summary">back to summary</a></p>
<h3 id="m4">com.TestCase.RegisterPageTestCases#testRegister</h3><table class="result"><tr class="param"><th>Parameter #1</th><th>Parameter #2</th><th>Parameter #3</th><th>Parameter #4</th><th>Parameter #5</th><th>Parameter #6</th><th>Parameter #7</th><th>Parameter #8</th></tr><tr class="param stripe"><td>Account</td><td>prathemesh</td><td>More</td><td>pathu@gmail.com</td><td>8421077165</td><td>9876543210</td><td>12345</td><td>6</td></tr></table><p class="totop"><a href="#summary">back to summary</a></p>
<h3 id="m5">com.TestCase.RegisterPageTestCases#testRegister</h3><table class="result"><tr class="param"><th>Parameter #1</th><th>Parameter #2</th><th>Parameter #3</th><th>Parameter #4</th><th>Parameter #5</th><th>Parameter #6</th><th>Parameter #7</th><th>Parameter #8</th></tr><tr class="param stripe"><td>Account</td><td>Ashitosh</td><td>Patil</td><td>ashugmail.com</td><td>8421077165</td><td>9876543210</td><td>Test@123</td><td>2</td></tr></table><p class="totop"><a href="#summary">back to summary</a></p>
<h3 id="m6">com.TestCase.RegisterPageTestCases#testRegister</h3><table class="result"><tr class="param"><th>Parameter #1</th><th>Parameter #2</th><th>Parameter #3</th><th>Parameter #4</th><th>Parameter #5</th><th>Parameter #6</th><th>Parameter #7</th><th>Parameter #8</th></tr><tr class="param stripe"><td>Account</td><td>Pradeep</td><td>Taware</td><td>pradeep@gmail.com</td><td>8421077165</td><td>9876543210</td><td>Test@123</td><td>1</td></tr></table><p class="totop"><a href="#summary">back to summary</a></p>
<h3 id="m7">com.TestCase.RegisterPageTestCases#testRegister</h3><table class="result"><tr class="param"><th>Parameter #1</th><th>Parameter #2</th><th>Parameter #3</th><th>Parameter #4</th><th>Parameter #5</th><th>Parameter #6</th><th>Parameter #7</th><th>Parameter #8</th></tr><tr class="param stripe"><td>Account</td><td></td><td>nale</td><td>nale@gmail.com</td><td>8421077165</td><td>9876543210</td><td>Test@123</td><td>5</td></tr></table><p class="totop"><a href="#summary">back to summary</a></p>
<h3 id="m8">com.TestCase.RegisterPageTestCases#verifyHomeElement</h3><table class="result"><tr><th class="invisible"/></tr></table><p class="totop"><a href="#summary">back to summary</a></p>
<h3 id="m9">com.TestCase.RegisterPageTestCases#verifyLoginHereLink</h3><table class="result"><tr><th class="invisible"/></tr></table><p class="totop"><a href="#summary">back to summary</a></p>
<h3 id="m10">com.TestCase.RegisterPageTestCases#verifyRegisterButton</h3><table class="result"><tr><th class="invisible"/></tr></table><p class="totop"><a href="#summary">back to summary</a></p>
<h3 id="m11">com.TestCase.RegisterPageTestCases#verifyRegisterElement</h3><table class="result"><tr><th class="invisible"/></tr></table><p class="totop"><a href="#summary">back to summary</a></p>
<h3 id="m12">com.TestCase.RegisterPageTestCases#verifyResetButton</h3><table class="result"><tr><th class="invisible"/></tr></table><p class="totop"><a href="#summary">back to summary</a></p>
</body>
</html>
