<?xml version="1.0" encoding="UTF-8"?>
<testng-results ignored="0" total="4" passed="4" failed="0" skipped="0">
  <reporter-output>
  </reporter-output>
  <suite started-at="2026-02-22T11:35:03 IST" name="JBK Project Suite" finished-at="2026-02-22T11:35:13 IST" duration-ms="9345">
    <groups>
    </groups>
    <test started-at="2026-02-22T11:35:03 IST" name="Search Functionality Test" finished-at="2026-02-22T11:35:13 IST" duration-ms="9345">
      <class name="com.TestCase.LoginPageTestCases">
        <test-method is-config="true" signature="setUp(java.lang.String,java.lang.String)[pri:0, instance:com.TestCase.LoginPageTestCases@15de0b3c]" started-at="2026-02-22T11:35:03 IST" name="setUp" finished-at="2026-02-22T11:35:06 IST" duration-ms="2322" status="PASS">
          <params>
            <param index="0">
              <value>
                <![CDATA[chrome]]>
              </value>
            </param>
            <param index="1">
              <value>
                <![CDATA[https://javabykiran.in/other/CC/]]>
              </value>
            </param>
          </params>
          <reporter-output>
          </reporter-output>
        </test-method> <!-- setUp -->
        <test-method signature="testLogin(java.lang.String,java.lang.String,java.lang.String)[pri:0, instance:com.TestCase.LoginPageTestCases@15de0b3c]" started-at="2026-02-22T11:35:06 IST" name="testLogin" data-provider="loginData" finished-at="2026-02-22T11:35:06 IST" duration-ms="816" status="PASS">
          <params>
            <param index="0">
              <value>
                <![CDATA[iranna@gmail.com]]>
              </value>
            </param>
            <param index="1">
              <value>
                <![CDATA[Iranna@123]]>
              </value>
            </param>
            <param index="2">
              <value>
                <![CDATA[1]]>
              </value>
            </param>
          </params>
          <reporter-output>
          </reporter-output>
        </test-method> <!-- testLogin -->
        <test-method is-config="true" signature="tearDown()[pri:0, instance:com.TestCase.LoginPageTestCases@15de0b3c]" started-at="2026-02-22T11:35:06 IST" name="tearDown" finished-at="2026-02-22T11:35:06 IST" duration-ms="128" status="PASS">
          <reporter-output>
          </reporter-output>
        </test-method> <!-- tearDown -->
        <test-method is-config="true" signature="setUp(java.lang.String,java.lang.String)[pri:0, instance:com.TestCase.LoginPageTestCases@15de0b3c]" started-at="2026-02-22T11:35:06 IST" name="setUp" finished-at="2026-02-22T11:35:08 IST" duration-ms="1361" status="PASS">
          <params>
            <param index="0">
              <value>
                <![CDATA[chrome]]>
              </value>
            </param>
            <param index="1">
              <value>
                <![CDATA[https://javabykiran.in/other/CC/]]>
              </value>
            </param>
          </params>
          <reporter-output>
          </reporter-output>
        </test-method> <!-- setUp -->
        <test-method signature="testLogin(java.lang.String,java.lang.String,java.lang.String)[pri:0, instance:com.TestCase.LoginPageTestCases@15de0b3c]" started-at="2026-02-22T11:35:08 IST" name="testLogin" data-provider="loginData" finished-at="2026-02-22T11:35:08 IST" duration-ms="506" status="PASS">
          <params>
            <param index="0">
              <value>
                <![CDATA[test12321d]]>
              </value>
            </param>
            <param index="1">
              <value>
                <![CDATA[wrongpass]]>
              </value>
            </param>
            <param index="2">
              <value>
                <![CDATA[2]]>
              </value>
            </param>
          </params>
          <reporter-output>
          </reporter-output>
        </test-method> <!-- testLogin -->
        <test-method is-config="true" signature="tearDown()[pri:0, instance:com.TestCase.LoginPageTestCases@15de0b3c]" started-at="2026-02-22T11:35:08 IST" name="tearDown" finished-at="2026-02-22T11:35:08 IST" duration-ms="117" status="PASS">
          <reporter-output>
          </reporter-output>
        </test-method> <!-- tearDown -->
        <test-method is-config="true" signature="setUp(java.lang.String,java.lang.String)[pri:0, instance:com.TestCase.LoginPageTestCases@15de0b3c]" started-at="2026-02-22T11:35:08 IST" name="setUp" finished-at="2026-02-22T11:35:10 IST" duration-ms="1383" status="PASS">
          <params>
            <param index="0">
              <value>
                <![CDATA[chrome]]>
              </value>
            </param>
            <param index="1">
              <value>
                <![CDATA[https://javabykiran.in/other/CC/]]>
              </value>
            </param>
          </params>
          <reporter-output>
          </reporter-output>
        </test-method> <!-- setUp -->
        <test-method signature="testLogin(java.lang.String,java.lang.String,java.lang.String)[pri:0, instance:com.TestCase.LoginPageTestCases@15de0b3c]" started-at="2026-02-22T11:35:10 IST" name="testLogin" data-provider="loginData" finished-at="2026-02-22T11:35:10 IST" duration-ms="656" status="PASS">
          <params>
            <param index="0">
              <value>
                <![CDATA[pradeep@gmail.com]]>
              </value>
            </param>
            <param index="1">
              <value>
                <![CDATA[pradeep@123]]>
              </value>
            </param>
            <param index="2">
              <value>
                <![CDATA[3]]>
              </value>
            </param>
          </params>
          <reporter-output>
          </reporter-output>
        </test-method> <!-- testLogin -->
        <test-method is-config="true" signature="tearDown()[pri:0, instance:com.TestCase.LoginPageTestCases@15de0b3c]" started-at="2026-02-22T11:35:11 IST" name="tearDown" finished-at="2026-02-22T11:35:11 IST" duration-ms="105" status="PASS">
          <reporter-output>
          </reporter-output>
        </test-method> <!-- tearDown -->
        <test-method is-config="true" signature="setUp(java.lang.String,java.lang.String)[pri:0, instance:com.TestCase.LoginPageTestCases@15de0b3c]" started-at="2026-02-22T11:35:11 IST" name="setUp" finished-at="2026-02-22T11:35:12 IST" duration-ms="1261" status="PASS">
          <params>
            <param index="0">
              <value>
                <![CDATA[chrome]]>
              </value>
            </param>
            <param index="1">
              <value>
                <![CDATA[https://javabykiran.in/other/CC/]]>
              </value>
            </param>
          </params>
          <reporter-output>
          </reporter-output>
        </test-method> <!-- setUp -->
        <test-method signature="testLogin(java.lang.String,java.lang.String,java.lang.String)[pri:0, instance:com.TestCase.LoginPageTestCases@15de0b3c]" started-at="2026-02-22T11:35:12 IST" name="testLogin" data-provider="loginData" finished-at="2026-02-22T11:35:12 IST" duration-ms="542" status="PASS">
          <params>
            <param index="0">
              <value>
                <![CDATA[]]>
              </value>
            </param>
            <param index="1">
              <value>
                <![CDATA[]]>
              </value>
            </param>
            <param index="2">
              <value>
                <![CDATA[4]]>
              </value>
            </param>
          </params>
          <reporter-output>
          </reporter-output>
        </test-method> <!-- testLogin -->
        <test-method is-config="true" signature="tearDown()[pri:0, instance:com.TestCase.LoginPageTestCases@15de0b3c]" started-at="2026-02-22T11:35:12 IST" name="tearDown" finished-at="2026-02-22T11:35:13 IST" duration-ms="101" status="PASS">
          <reporter-output>
          </reporter-output>
        </test-method> <!-- tearDown -->
      </class> <!-- com.TestCase.LoginPageTestCases -->
    </test> <!-- Search Functionality Test -->
  </suite> <!-- JBK Project Suite -->
</testng-results>
