<?xml version="1.0" encoding="UTF-8"?>
<testng-results ignored="0" total="36" passed="29" failed="7" skipped="0">
  <reporter-output>
  </reporter-output>
  <suite started-at="2026-02-22T22:06:32 IST" name="JBK Project Suite" finished-at="2026-02-22T22:08:54 IST" duration-ms="141920">
    <groups>
    </groups>
    <test started-at="2026-02-22T22:06:32 IST" name="Search Functionality Test" finished-at="2026-02-22T22:08:54 IST" duration-ms="141920">
      <class name="com.TestCase.RegisterPageTestCases">
        <test-method is-config="true" signature="setUp(java.lang.String,java.lang.String)[pri:0, instance:com.TestCase.RegisterPageTestCases@6a2f6f80]" started-at="2026-02-22T22:07:23 IST" name="setUp" finished-at="2026-02-22T22:07:27 IST" duration-ms="3524" status="PASS">
          <params>
            <param index="0">
              <value>
                <![CDATA[chrome]]>
              </value>
            </param>
            <param index="1">
              <value>
                <![CDATA[https://javabykiran.in/other/CC/]]>
              </value>
            </param>
          </params>
          <reporter-output>
          </reporter-output>
        </test-method> <!-- setUp -->
        <test-method is-config="true" signature="openRegisterPage()[pri:0, instance:com.TestCase.RegisterPageTestCases@6a2f6f80]" started-at="2026-02-22T22:07:27 IST" name="openRegisterPage" finished-at="2026-02-22T22:07:27 IST" duration-ms="492" status="PASS">
          <reporter-output>
          </reporter-output>
        </test-method> <!-- openRegisterPage -->
        <test-method signature="testRegister(java.lang.String,java.lang.String,java.lang.String,java.lang.String,long,long,java.lang.String,java.lang.String)[pri:0, instance:com.TestCase.RegisterPageTestCases@6a2f6f80]" started-at="2026-02-22T22:07:27 IST" name="testRegister" data-provider="register_data" finished-at="2026-02-22T22:07:30 IST" duration-ms="2401" status="PASS">
          <params>
            <param index="0">
              <value>
                <![CDATA[Account]]>
              </value>
            </param>
            <param index="1">
              <value>
                <![CDATA[Pradeep]]>
              </value>
            </param>
            <param index="2">
              <value>
                <![CDATA[Taware]]>
              </value>
            </param>
            <param index="3">
              <value>
                <![CDATA[pradeep@gmail.com]]>
              </value>
            </param>
            <param index="4">
              <value>
                <![CDATA[8421077165]]>
              </value>
            </param>
            <param index="5">
              <value>
                <![CDATA[9876543210]]>
              </value>
            </param>
            <param index="6">
              <value>
                <![CDATA[Test@123]]>
              </value>
            </param>
            <param index="7">
              <value>
                <![CDATA[1]]>
              </value>
            </param>
          </params>
          <reporter-output>
          </reporter-output>
        </test-method> <!-- testRegister -->
        <test-method is-config="true" signature="tearDown()[pri:0, instance:com.TestCase.RegisterPageTestCases@6a2f6f80]" started-at="2026-02-22T22:07:30 IST" name="tearDown" finished-at="2026-02-22T22:07:30 IST" duration-ms="154" status="PASS">
          <reporter-output>
          </reporter-output>
        </test-method> <!-- tearDown -->
        <test-method is-config="true" signature="setUp(java.lang.String,java.lang.String)[pri:0, instance:com.TestCase.RegisterPageTestCases@6a2f6f80]" started-at="2026-02-22T22:07:30 IST" name="setUp" finished-at="2026-02-22T22:07:32 IST" duration-ms="2416" status="PASS">
          <params>
            <param index="0">
              <value>
                <![CDATA[chrome]]>
              </value>
            </param>
            <param index="1">
              <value>
                <![CDATA[https://javabykiran.in/other/CC/]]>
              </value>
            </param>
          </params>
          <reporter-output>
          </reporter-output>
        </test-method> <!-- setUp -->
        <test-method is-config="true" signature="openRegisterPage()[pri:0, instance:com.TestCase.RegisterPageTestCases@6a2f6f80]" started-at="2026-02-22T22:07:32 IST" name="openRegisterPage" finished-at="2026-02-22T22:07:33 IST" duration-ms="465" status="PASS">
          <reporter-output>
          </reporter-output>
        </test-method> <!-- openRegisterPage -->
        <test-method signature="testRegister(java.lang.String,java.lang.String,java.lang.String,java.lang.String,long,long,java.lang.String,java.lang.String)[pri:0, instance:com.TestCase.RegisterPageTestCases@6a2f6f80]" started-at="2026-02-22T22:07:33 IST" name="testRegister" data-provider="register_data" finished-at="2026-02-22T22:07:35 IST" duration-ms="1842" status="PASS">
          <params>
            <param index="0">
              <value>
                <![CDATA[Account]]>
              </value>
            </param>
            <param index="1">
              <value>
                <![CDATA[Ashitosh]]>
              </value>
            </param>
            <param index="2">
              <value>
                <![CDATA[Patil]]>
              </value>
            </param>
            <param index="3">
              <value>
                <![CDATA[ashugmail.com]]>
              </value>
            </param>
            <param index="4">
              <value>
                <![CDATA[8421077165]]>
              </value>
            </param>
            <param index="5">
              <value>
                <![CDATA[9876543210]]>
              </value>
            </param>
            <param index="6">
              <value>
                <![CDATA[Test@123]]>
              </value>
            </param>
            <param index="7">
              <value>
                <![CDATA[2]]>
              </value>
            </param>
          </params>
          <reporter-output>
          </reporter-output>
        </test-method> <!-- testRegister -->
        <test-method is-config="true" signature="tearDown()[pri:0, instance:com.TestCase.RegisterPageTestCases@6a2f6f80]" started-at="2026-02-22T22:07:35 IST" name="tearDown" finished-at="2026-02-22T22:07:35 IST" duration-ms="147" status="PASS">
          <reporter-output>
          </reporter-output>
        </test-method> <!-- tearDown -->
        <test-method is-config="true" signature="setUp(java.lang.String,java.lang.String)[pri:0, instance:com.TestCase.RegisterPageTestCases@6a2f6f80]" started-at="2026-02-22T22:07:35 IST" name="setUp" finished-at="2026-02-22T22:07:38 IST" duration-ms="2789" status="PASS">
          <params>
            <param index="0">
              <value>
                <![CDATA[chrome]]>
              </value>
            </param>
            <param index="1">
              <value>
                <![CDATA[https://javabykiran.in/other/CC/]]>
              </value>
            </param>
          </params>
          <reporter-output>
          </reporter-output>
        </test-method> <!-- setUp -->
        <test-method is-config="true" signature="openRegisterPage()[pri:0, instance:com.TestCase.RegisterPageTestCases@6a2f6f80]" started-at="2026-02-22T22:07:38 IST" name="openRegisterPage" finished-at="2026-02-22T22:07:38 IST" duration-ms="448" status="PASS">
          <reporter-output>
          </reporter-output>
        </test-method> <!-- openRegisterPage -->
        <test-method signature="testRegister(java.lang.String,java.lang.String,java.lang.String,java.lang.String,long,long,java.lang.String,java.lang.String)[pri:0, instance:com.TestCase.RegisterPageTestCases@6a2f6f80]" started-at="2026-02-22T22:07:38 IST" name="testRegister" data-provider="register_data" finished-at="2026-02-22T22:07:39 IST" duration-ms="562" status="FAIL">
          <params>
            <param index="0">
              <value>
                <![CDATA[Account]]>
              </value>
            </param>
            <param index="1">
              <value>
                <![CDATA[Amit]]>
              </value>
            </param>
            <param index="2">
              <value>
                <![CDATA[wagh]]>
              </value>
            </param>
            <param index="3">
              <value>
                <![CDATA[amit@gmail.com]]>
              </value>
            </param>
            <param index="4">
              <value>
                <![CDATA[84210771]]>
              </value>
            </param>
            <param index="5">
              <value>
                <![CDATA[9876543210]]>
              </value>
            </param>
            <param index="6">
              <value>
                <![CDATA[Test@123]]>
              </value>
            </param>
            <param index="7">
              <value>
                <![CDATA[3]]>
              </value>
            </param>
          </params>
          <exception class="java.lang.IllegalArgumentException">
            <message>
              <![CDATA[Phone number must be exactly 10 digits]]>
            </message>
            <full-stacktrace>
              <![CDATA[java.lang.IllegalArgumentException: Phone number must be exactly 10 digits
at com.JBK.project_Pages.RegisterPage.phone(RegisterPage.java:123)
at com.TestCase.RegisterPageTestCases.testRegister(RegisterPageTestCases.java:26)
at java.base/jdk.internal.reflect.DirectMethodHandleAccessor.invoke(DirectMethodHandleAccessor.java:103)
at java.base/java.lang.reflect.Method.invoke(Method.java:580)
at org.testng.internal.invokers.MethodInvocationHelper.invokeMethod(MethodInvocationHelper.java:141)
at org.testng.internal.invokers.TestInvoker.invokeMethod(TestInvoker.java:687)
at org.testng.internal.invokers.TestInvoker.invokeTestMethod(TestInvoker.java:230)
at org.testng.internal.invokers.MethodRunner.runInSequence(MethodRunner.java:63)
at org.testng.internal.invokers.TestInvoker$MethodInvocationAgent.invoke(TestInvoker.java:995)
at org.testng.internal.invokers.TestInvoker.invokeTestMethods(TestInvoker.java:203)
at org.testng.internal.invokers.TestMethodWorker.invokeTestMethods(TestMethodWorker.java:154)
at org.testng.internal.invokers.TestMethodWorker.run(TestMethodWorker.java:134)
at java.base/java.util.ArrayList.forEach(ArrayList.java:1597)
at org.testng.TestRunner.privateRun(TestRunner.java:741)
at org.testng.TestRunner.run(TestRunner.java:616)
at org.testng.SuiteRunner.runTest(SuiteRunner.java:421)
at org.testng.SuiteRunner.runSequentially(SuiteRunner.java:413)
at org.testng.SuiteRunner.privateRun(SuiteRunner.java:373)
at org.testng.SuiteRunner.run(SuiteRunner.java:312)
at org.testng.SuiteRunnerWorker.runSuite(SuiteRunnerWorker.java:52)
at org.testng.SuiteRunnerWorker.run(SuiteRunnerWorker.java:95)
at org.testng.TestNG.runSuitesSequentially(TestNG.java:1274)
at org.testng.TestNG.runSuitesLocally(TestNG.java:1208)
at org.testng.TestNG.runSuites(TestNG.java:1112)
at org.testng.TestNG.run(TestNG.java:1079)
at org.testng.remote.AbstractRemoteTestNG.run(AbstractRemoteTestNG.java:115)
at org.testng.remote.RemoteTestNG.initAndRun(RemoteTestNG.java:293)
at org.testng.remote.RemoteTestNG.main(RemoteTestNG.java:91)
]]>
            </full-stacktrace>
          </exception> <!-- java.lang.IllegalArgumentException -->
          <reporter-output>
          </reporter-output>
        </test-method> <!-- testRegister -->
        <test-method is-config="true" signature="tearDown()[pri:0, instance:com.TestCase.RegisterPageTestCases@6a2f6f80]" started-at="2026-02-22T22:07:39 IST" name="tearDown" finished-at="2026-02-22T22:07:39 IST" duration-ms="160" status="PASS">
          <reporter-output>
          </reporter-output>
        </test-method> <!-- tearDown -->
        <test-method is-config="true" signature="setUp(java.lang.String,java.lang.String)[pri:0, instance:com.TestCase.RegisterPageTestCases@6a2f6f80]" started-at="2026-02-22T22:07:39 IST" name="setUp" finished-at="2026-02-22T22:07:42 IST" duration-ms="2942" status="PASS">
          <params>
            <param index="0">
              <value>
                <![CDATA[chrome]]>
              </value>
            </param>
            <param index="1">
              <value>
                <![CDATA[https://javabykiran.in/other/CC/]]>
              </value>
            </param>
          </params>
          <reporter-output>
          </reporter-output>
        </test-method> <!-- setUp -->
        <test-method is-config="true" signature="openRegisterPage()[pri:0, instance:com.TestCase.RegisterPageTestCases@6a2f6f80]" started-at="2026-02-22T22:07:42 IST" name="openRegisterPage" finished-at="2026-02-22T22:07:42 IST" duration-ms="440" status="PASS">
          <reporter-output>
          </reporter-output>
        </test-method> <!-- openRegisterPage -->
        <test-method signature="testRegister(java.lang.String,java.lang.String,java.lang.String,java.lang.String,long,long,java.lang.String,java.lang.String)[pri:0, instance:com.TestCase.RegisterPageTestCases@6a2f6f80]" started-at="2026-02-22T22:07:42 IST" name="testRegister" data-provider="register_data" finished-at="2026-02-22T22:07:43 IST" duration-ms="739" status="FAIL">
          <params>
            <param index="0">
              <value>
                <![CDATA[Account]]>
              </value>
            </param>
            <param index="1">
              <value>
                <![CDATA[Sumit]]>
              </value>
            </param>
            <param index="2">
              <value>
                <![CDATA[Thakre]]>
              </value>
            </param>
            <param index="3">
              <value>
                <![CDATA[sumit@gmail.com]]>
              </value>
            </param>
            <param index="4">
              <value>
                <![CDATA[8421077165]]>
              </value>
            </param>
            <param index="5">
              <value>
                <![CDATA[98765432101]]>
              </value>
            </param>
            <param index="6">
              <value>
                <![CDATA[Test@123]]>
              </value>
            </param>
            <param index="7">
              <value>
                <![CDATA[4]]>
              </value>
            </param>
          </params>
          <exception class="java.lang.IllegalArgumentException">
            <message>
              <![CDATA[Mobile number must be exactly 10 digits]]>
            </message>
            <full-stacktrace>
              <![CDATA[java.lang.IllegalArgumentException: Mobile number must be exactly 10 digits
at com.JBK.project_Pages.RegisterPage.mobile(RegisterPage.java:135)
at com.TestCase.RegisterPageTestCases.testRegister(RegisterPageTestCases.java:27)
at java.base/jdk.internal.reflect.DirectMethodHandleAccessor.invoke(DirectMethodHandleAccessor.java:103)
at java.base/java.lang.reflect.Method.invoke(Method.java:580)
at org.testng.internal.invokers.MethodInvocationHelper.invokeMethod(MethodInvocationHelper.java:141)
at org.testng.internal.invokers.TestInvoker.invokeMethod(TestInvoker.java:687)
at org.testng.internal.invokers.TestInvoker.invokeTestMethod(TestInvoker.java:230)
at org.testng.internal.invokers.MethodRunner.runInSequence(MethodRunner.java:63)
at org.testng.internal.invokers.TestInvoker$MethodInvocationAgent.invoke(TestInvoker.java:995)
at org.testng.internal.invokers.TestInvoker.invokeTestMethods(TestInvoker.java:203)
at org.testng.internal.invokers.TestMethodWorker.invokeTestMethods(TestMethodWorker.java:154)
at org.testng.internal.invokers.TestMethodWorker.run(TestMethodWorker.java:134)
at java.base/java.util.ArrayList.forEach(ArrayList.java:1597)
at org.testng.TestRunner.privateRun(TestRunner.java:741)
at org.testng.TestRunner.run(TestRunner.java:616)
at org.testng.SuiteRunner.runTest(SuiteRunner.java:421)
at org.testng.SuiteRunner.runSequentially(SuiteRunner.java:413)
at org.testng.SuiteRunner.privateRun(SuiteRunner.java:373)
at org.testng.SuiteRunner.run(SuiteRunner.java:312)
at org.testng.SuiteRunnerWorker.runSuite(SuiteRunnerWorker.java:52)
at org.testng.SuiteRunnerWorker.run(SuiteRunnerWorker.java:95)
at org.testng.TestNG.runSuitesSequentially(TestNG.java:1274)
at org.testng.TestNG.runSuitesLocally(TestNG.java:1208)
at org.testng.TestNG.runSuites(TestNG.java:1112)
at org.testng.TestNG.run(TestNG.java:1079)
at org.testng.remote.AbstractRemoteTestNG.run(AbstractRemoteTestNG.java:115)
at org.testng.remote.RemoteTestNG.initAndRun(RemoteTestNG.java:293)
at org.testng.remote.RemoteTestNG.main(RemoteTestNG.java:91)
]]>
            </full-stacktrace>
          </exception> <!-- java.lang.IllegalArgumentException -->
          <reporter-output>
          </reporter-output>
        </test-method> <!-- testRegister -->
        <test-method is-config="true" signature="tearDown()[pri:0, instance:com.TestCase.RegisterPageTestCases@6a2f6f80]" started-at="2026-02-22T22:07:43 IST" name="tearDown" finished-at="2026-02-22T22:07:43 IST" duration-ms="181" status="PASS">
          <reporter-output>
          </reporter-output>
        </test-method> <!-- tearDown -->
        <test-method is-config="true" signature="setUp(java.lang.String,java.lang.String)[pri:0, instance:com.TestCase.RegisterPageTestCases@6a2f6f80]" started-at="2026-02-22T22:07:43 IST" name="setUp" finished-at="2026-02-22T22:07:47 IST" duration-ms="3395" status="PASS">
          <params>
            <param index="0">
              <value>
                <![CDATA[chrome]]>
              </value>
            </param>
            <param index="1">
              <value>
                <![CDATA[https://javabykiran.in/other/CC/]]>
              </value>
            </param>
          </params>
          <reporter-output>
          </reporter-output>
        </test-method> <!-- setUp -->
        <test-method is-config="true" signature="openRegisterPage()[pri:0, instance:com.TestCase.RegisterPageTestCases@6a2f6f80]" started-at="2026-02-22T22:07:47 IST" name="openRegisterPage" finished-at="2026-02-22T22:07:47 IST" duration-ms="570" status="PASS">
          <reporter-output>
          </reporter-output>
        </test-method> <!-- openRegisterPage -->
        <test-method signature="testRegister(java.lang.String,java.lang.String,java.lang.String,java.lang.String,long,long,java.lang.String,java.lang.String)[pri:0, instance:com.TestCase.RegisterPageTestCases@6a2f6f80]" started-at="2026-02-22T22:07:47 IST" name="testRegister" data-provider="register_data" finished-at="2026-02-22T22:07:49 IST" duration-ms="1769" status="PASS">
          <params>
            <param index="0">
              <value>
                <![CDATA[Account]]>
              </value>
            </param>
            <param index="1">
              <value>
                <![CDATA[]]>
              </value>
            </param>
            <param index="2">
              <value>
                <![CDATA[nale]]>
              </value>
            </param>
            <param index="3">
              <value>
                <![CDATA[nale@gmail.com]]>
              </value>
            </param>
            <param index="4">
              <value>
                <![CDATA[8421077165]]>
              </value>
            </param>
            <param index="5">
              <value>
                <![CDATA[9876543210]]>
              </value>
            </param>
            <param index="6">
              <value>
                <![CDATA[Test@123]]>
              </value>
            </param>
            <param index="7">
              <value>
                <![CDATA[5]]>
              </value>
            </param>
          </params>
          <reporter-output>
          </reporter-output>
        </test-method> <!-- testRegister -->
        <test-method is-config="true" signature="tearDown()[pri:0, instance:com.TestCase.RegisterPageTestCases@6a2f6f80]" started-at="2026-02-22T22:07:49 IST" name="tearDown" finished-at="2026-02-22T22:07:49 IST" duration-ms="152" status="PASS">
          <reporter-output>
          </reporter-output>
        </test-method> <!-- tearDown -->
        <test-method is-config="true" signature="setUp(java.lang.String,java.lang.String)[pri:0, instance:com.TestCase.RegisterPageTestCases@6a2f6f80]" started-at="2026-02-22T22:07:49 IST" name="setUp" finished-at="2026-02-22T22:07:52 IST" duration-ms="2435" status="PASS">
          <params>
            <param index="0">
              <value>
                <![CDATA[chrome]]>
              </value>
            </param>
            <param index="1">
              <value>
                <![CDATA[https://javabykiran.in/other/CC/]]>
              </value>
            </param>
          </params>
          <reporter-output>
          </reporter-output>
        </test-method> <!-- setUp -->
        <test-method is-config="true" signature="openRegisterPage()[pri:0, instance:com.TestCase.RegisterPageTestCases@6a2f6f80]" started-at="2026-02-22T22:07:52 IST" name="openRegisterPage" finished-at="2026-02-22T22:07:52 IST" duration-ms="429" status="PASS">
          <reporter-output>
          </reporter-output>
        </test-method> <!-- openRegisterPage -->
        <test-method signature="testRegister(java.lang.String,java.lang.String,java.lang.String,java.lang.String,long,long,java.lang.String,java.lang.String)[pri:0, instance:com.TestCase.RegisterPageTestCases@6a2f6f80]" started-at="2026-02-22T22:07:52 IST" name="testRegister" data-provider="register_data" finished-at="2026-02-22T22:07:54 IST" duration-ms="1716" status="PASS">
          <params>
            <param index="0">
              <value>
                <![CDATA[Account]]>
              </value>
            </param>
            <param index="1">
              <value>
                <![CDATA[prathemesh]]>
              </value>
            </param>
            <param index="2">
              <value>
                <![CDATA[More]]>
              </value>
            </param>
            <param index="3">
              <value>
                <![CDATA[pathu@gmail.com]]>
              </value>
            </param>
            <param index="4">
              <value>
                <![CDATA[8421077165]]>
              </value>
            </param>
            <param index="5">
              <value>
                <![CDATA[9876543210]]>
              </value>
            </param>
            <param index="6">
              <value>
                <![CDATA[12345]]>
              </value>
            </param>
            <param index="7">
              <value>
                <![CDATA[6]]>
              </value>
            </param>
          </params>
          <reporter-output>
          </reporter-output>
        </test-method> <!-- testRegister -->
        <test-method is-config="true" signature="tearDown()[pri:0, instance:com.TestCase.RegisterPageTestCases@6a2f6f80]" started-at="2026-02-22T22:07:54 IST" name="tearDown" finished-at="2026-02-22T22:07:54 IST" duration-ms="168" status="PASS">
          <reporter-output>
          </reporter-output>
        </test-method> <!-- tearDown -->
        <test-method is-config="true" signature="setUp(java.lang.String,java.lang.String)[pri:0, instance:com.TestCase.RegisterPageTestCases@6a2f6f80]" started-at="2026-02-22T22:07:54 IST" name="setUp" finished-at="2026-02-22T22:07:56 IST" duration-ms="2479" status="PASS">
          <params>
            <param index="0">
              <value>
                <![CDATA[chrome]]>
              </value>
            </param>
            <param index="1">
              <value>
                <![CDATA[https://javabykiran.in/other/CC/]]>
              </value>
            </param>
          </params>
          <reporter-output>
          </reporter-output>
        </test-method> <!-- setUp -->
        <test-method is-config="true" signature="openRegisterPage()[pri:0, instance:com.TestCase.RegisterPageTestCases@6a2f6f80]" started-at="2026-02-22T22:07:56 IST" name="openRegisterPage" finished-at="2026-02-22T22:07:57 IST" duration-ms="428" status="PASS">
          <reporter-output>
          </reporter-output>
        </test-method> <!-- openRegisterPage -->
        <test-method signature="verifyRegisterButton()[pri:1, instance:com.TestCase.RegisterPageTestCases@6a2f6f80]" started-at="2026-02-22T22:07:57 IST" name="verifyRegisterButton" finished-at="2026-02-22T22:07:57 IST" duration-ms="40" status="PASS">
          <reporter-output>
          </reporter-output>
        </test-method> <!-- verifyRegisterButton -->
        <test-method is-config="true" signature="tearDown()[pri:0, instance:com.TestCase.RegisterPageTestCases@6a2f6f80]" started-at="2026-02-22T22:07:57 IST" name="tearDown" finished-at="2026-02-22T22:07:57 IST" duration-ms="178" status="PASS">
          <reporter-output>
          </reporter-output>
        </test-method> <!-- tearDown -->
        <test-method is-config="true" signature="setUp(java.lang.String,java.lang.String)[pri:0, instance:com.TestCase.RegisterPageTestCases@6a2f6f80]" started-at="2026-02-22T22:07:57 IST" name="setUp" finished-at="2026-02-22T22:07:59 IST" duration-ms="2256" status="PASS">
          <params>
            <param index="0">
              <value>
                <![CDATA[chrome]]>
              </value>
            </param>
            <param index="1">
              <value>
                <![CDATA[https://javabykiran.in/other/CC/]]>
              </value>
            </param>
          </params>
          <reporter-output>
          </reporter-output>
        </test-method> <!-- setUp -->
        <test-method is-config="true" signature="openRegisterPage()[pri:0, instance:com.TestCase.RegisterPageTestCases@6a2f6f80]" started-at="2026-02-22T22:07:59 IST" name="openRegisterPage" finished-at="2026-02-22T22:08:00 IST" duration-ms="486" status="PASS">
          <reporter-output>
          </reporter-output>
        </test-method> <!-- openRegisterPage -->
        <test-method signature="verifyResetButton()[pri:2, instance:com.TestCase.RegisterPageTestCases@6a2f6f80]" started-at="2026-02-22T22:08:00 IST" name="verifyResetButton" finished-at="2026-02-22T22:08:00 IST" duration-ms="57" status="PASS">
          <reporter-output>
          </reporter-output>
        </test-method> <!-- verifyResetButton -->
        <test-method is-config="true" signature="tearDown()[pri:0, instance:com.TestCase.RegisterPageTestCases@6a2f6f80]" started-at="2026-02-22T22:08:00 IST" name="tearDown" finished-at="2026-02-22T22:08:00 IST" duration-ms="139" status="PASS">
          <reporter-output>
          </reporter-output>
        </test-method> <!-- tearDown -->
        <test-method is-config="true" signature="setUp(java.lang.String,java.lang.String)[pri:0, instance:com.TestCase.RegisterPageTestCases@6a2f6f80]" started-at="2026-02-22T22:08:00 IST" name="setUp" finished-at="2026-02-22T22:08:02 IST" duration-ms="2435" status="PASS">
          <params>
            <param index="0">
              <value>
                <![CDATA[chrome]]>
              </value>
            </param>
            <param index="1">
              <value>
                <![CDATA[https://javabykiran.in/other/CC/]]>
              </value>
            </param>
          </params>
          <reporter-output>
          </reporter-output>
        </test-method> <!-- setUp -->
        <test-method is-config="true" signature="openRegisterPage()[pri:0, instance:com.TestCase.RegisterPageTestCases@6a2f6f80]" started-at="2026-02-22T22:08:02 IST" name="openRegisterPage" finished-at="2026-02-22T22:08:03 IST" duration-ms="542" status="PASS">
          <reporter-output>
          </reporter-output>
        </test-method> <!-- openRegisterPage -->
        <test-method signature="verifyLoginHereLink()[pri:3, instance:com.TestCase.RegisterPageTestCases@6a2f6f80]" started-at="2026-02-22T22:08:03 IST" name="verifyLoginHereLink" finished-at="2026-02-22T22:08:03 IST" duration-ms="46" status="PASS">
          <reporter-output>
          </reporter-output>
        </test-method> <!-- verifyLoginHereLink -->
        <test-method is-config="true" signature="tearDown()[pri:0, instance:com.TestCase.RegisterPageTestCases@6a2f6f80]" started-at="2026-02-22T22:08:03 IST" name="tearDown" finished-at="2026-02-22T22:08:03 IST" duration-ms="153" status="PASS">
          <reporter-output>
          </reporter-output>
        </test-method> <!-- tearDown -->
        <test-method is-config="true" signature="setUp(java.lang.String,java.lang.String)[pri:0, instance:com.TestCase.RegisterPageTestCases@6a2f6f80]" started-at="2026-02-22T22:08:03 IST" name="setUp" finished-at="2026-02-22T22:08:06 IST" duration-ms="2842" status="PASS">
          <params>
            <param index="0">
              <value>
                <![CDATA[chrome]]>
              </value>
            </param>
            <param index="1">
              <value>
                <![CDATA[https://javabykiran.in/other/CC/]]>
              </value>
            </param>
          </params>
          <reporter-output>
          </reporter-output>
        </test-method> <!-- setUp -->
        <test-method is-config="true" signature="openRegisterPage()[pri:0, instance:com.TestCase.RegisterPageTestCases@6a2f6f80]" started-at="2026-02-22T22:08:06 IST" name="openRegisterPage" finished-at="2026-02-22T22:08:07 IST" duration-ms="462" status="PASS">
          <reporter-output>
          </reporter-output>
        </test-method> <!-- openRegisterPage -->
        <test-method signature="verifyCheckboxes()[pri:4, instance:com.TestCase.RegisterPageTestCases@6a2f6f80]" started-at="2026-02-22T22:08:07 IST" name="verifyCheckboxes" finished-at="2026-02-22T22:08:07 IST" duration-ms="47" status="FAIL">
          <exception class="java.lang.AssertionError">
            <message>
              <![CDATA[Terms checkbox 1 Is already Selected expected [true] but found [false]]]>
            </message>
            <full-stacktrace>
              <![CDATA[java.lang.AssertionError: Terms checkbox 1 Is already Selected expected [true] but found [false]
at org.testng.Assert.fail(Assert.java:111)
at org.testng.Assert.failNotEquals(Assert.java:1590)
at org.testng.Assert.assertTrue(Assert.java:57)
at com.TestCase.RegisterPageTestCases.verifyCheckboxes(RegisterPageTestCases.java:118)
at java.base/jdk.internal.reflect.DirectMethodHandleAccessor.invoke(DirectMethodHandleAccessor.java:103)
at java.base/java.lang.reflect.Method.invoke(Method.java:580)
at org.testng.internal.invokers.MethodInvocationHelper.invokeMethod(MethodInvocationHelper.java:141)
at org.testng.internal.invokers.TestInvoker.invokeMethod(TestInvoker.java:687)
at org.testng.internal.invokers.TestInvoker.invokeTestMethod(TestInvoker.java:230)
at org.testng.internal.invokers.MethodRunner.runInSequence(MethodRunner.java:63)
at org.testng.internal.invokers.TestInvoker$MethodInvocationAgent.invoke(TestInvoker.java:995)
at org.testng.internal.invokers.TestInvoker.invokeTestMethods(TestInvoker.java:203)
at org.testng.internal.invokers.TestMethodWorker.invokeTestMethods(TestMethodWorker.java:154)
at org.testng.internal.invokers.TestMethodWorker.run(TestMethodWorker.java:134)
at java.base/java.util.ArrayList.forEach(ArrayList.java:1597)
at org.testng.TestRunner.privateRun(TestRunner.java:741)
at org.testng.TestRunner.run(TestRunner.java:616)
at org.testng.SuiteRunner.runTest(SuiteRunner.java:421)
at org.testng.SuiteRunner.runSequentially(SuiteRunner.java:413)
at org.testng.SuiteRunner.privateRun(SuiteRunner.java:373)
at org.testng.SuiteRunner.run(SuiteRunner.java:312)
at org.testng.SuiteRunnerWorker.runSuite(SuiteRunnerWorker.java:52)
at org.testng.SuiteRunnerWorker.run(SuiteRunnerWorker.java:95)
at org.testng.TestNG.runSuitesSequentially(TestNG.java:1274)
at org.testng.TestNG.runSuitesLocally(TestNG.java:1208)
at org.testng.TestNG.runSuites(TestNG.java:1112)
at org.testng.TestNG.run(TestNG.java:1079)
at org.testng.remote.AbstractRemoteTestNG.run(AbstractRemoteTestNG.java:115)
at org.testng.remote.RemoteTestNG.initAndRun(RemoteTestNG.java:293)
at org.testng.remote.RemoteTestNG.main(RemoteTestNG.java:91)
]]>
            </full-stacktrace>
          </exception> <!-- java.lang.AssertionError -->
          <reporter-output>
          </reporter-output>
        </test-method> <!-- verifyCheckboxes -->
        <test-method is-config="true" signature="tearDown()[pri:0, instance:com.TestCase.RegisterPageTestCases@6a2f6f80]" started-at="2026-02-22T22:08:07 IST" name="tearDown" finished-at="2026-02-22T22:08:07 IST" duration-ms="167" status="PASS">
          <reporter-output>
          </reporter-output>
        </test-method> <!-- tearDown -->
        <test-method is-config="true" signature="setUp(java.lang.String,java.lang.String)[pri:0, instance:com.TestCase.RegisterPageTestCases@6a2f6f80]" started-at="2026-02-22T22:08:07 IST" name="setUp" finished-at="2026-02-22T22:08:09 IST" duration-ms="2450" status="PASS">
          <params>
            <param index="0">
              <value>
                <![CDATA[chrome]]>
              </value>
            </param>
            <param index="1">
              <value>
                <![CDATA[https://javabykiran.in/other/CC/]]>
              </value>
            </param>
          </params>
          <reporter-output>
          </reporter-output>
        </test-method> <!-- setUp -->
        <test-method is-config="true" signature="openRegisterPage()[pri:0, instance:com.TestCase.RegisterPageTestCases@6a2f6f80]" started-at="2026-02-22T22:08:09 IST" name="openRegisterPage" finished-at="2026-02-22T22:08:10 IST" duration-ms="519" status="PASS">
          <reporter-output>
          </reporter-output>
        </test-method> <!-- openRegisterPage -->
        <test-method signature="verifyHomeElement()[pri:5, instance:com.TestCase.RegisterPageTestCases@6a2f6f80]" started-at="2026-02-22T22:08:10 IST" name="verifyHomeElement" finished-at="2026-02-22T22:08:10 IST" duration-ms="57" status="PASS">
          <reporter-output>
          </reporter-output>
        </test-method> <!-- verifyHomeElement -->
        <test-method is-config="true" signature="tearDown()[pri:0, instance:com.TestCase.RegisterPageTestCases@6a2f6f80]" started-at="2026-02-22T22:08:10 IST" name="tearDown" finished-at="2026-02-22T22:08:10 IST" duration-ms="161" status="PASS">
          <reporter-output>
          </reporter-output>
        </test-method> <!-- tearDown -->
        <test-method is-config="true" signature="setUp(java.lang.String,java.lang.String)[pri:0, instance:com.TestCase.RegisterPageTestCases@6a2f6f80]" started-at="2026-02-22T22:08:10 IST" name="setUp" finished-at="2026-02-22T22:08:16 IST" duration-ms="5910" status="PASS">
          <params>
            <param index="0">
              <value>
                <![CDATA[chrome]]>
              </value>
            </param>
            <param index="1">
              <value>
                <![CDATA[https://javabykiran.in/other/CC/]]>
              </value>
            </param>
          </params>
          <reporter-output>
          </reporter-output>
        </test-method> <!-- setUp -->
        <test-method is-config="true" signature="openRegisterPage()[pri:0, instance:com.TestCase.RegisterPageTestCases@6a2f6f80]" started-at="2026-02-22T22:08:16 IST" name="openRegisterPage" finished-at="2026-02-22T22:08:16 IST" duration-ms="420" status="PASS">
          <reporter-output>
          </reporter-output>
        </test-method> <!-- openRegisterPage -->
        <test-method signature="verifyRegisterElement()[pri:5, instance:com.TestCase.RegisterPageTestCases@6a2f6f80]" started-at="2026-02-22T22:08:16 IST" name="verifyRegisterElement" finished-at="2026-02-22T22:08:16 IST" duration-ms="54" status="PASS">
          <reporter-output>
          </reporter-output>
        </test-method> <!-- verifyRegisterElement -->
        <test-method is-config="true" signature="tearDown()[pri:0, instance:com.TestCase.RegisterPageTestCases@6a2f6f80]" started-at="2026-02-22T22:08:16 IST" name="tearDown" finished-at="2026-02-22T22:08:17 IST" duration-ms="132" status="PASS">
          <reporter-output>
          </reporter-output>
        </test-method> <!-- tearDown -->
        <test-method is-config="true" signature="setUp(java.lang.String,java.lang.String)[pri:0, instance:com.TestCase.RegisterPageTestCases@6a2f6f80]" started-at="2026-02-22T22:08:17 IST" name="setUp" finished-at="2026-02-22T22:08:20 IST" duration-ms="3126" status="PASS">
          <params>
            <param index="0">
              <value>
                <![CDATA[chrome]]>
              </value>
            </param>
            <param index="1">
              <value>
                <![CDATA[https://javabykiran.in/other/CC/]]>
              </value>
            </param>
          </params>
          <reporter-output>
          </reporter-output>
        </test-method> <!-- setUp -->
        <test-method is-config="true" signature="openRegisterPage()[pri:0, instance:com.TestCase.RegisterPageTestCases@6a2f6f80]" started-at="2026-02-22T22:08:20 IST" name="openRegisterPage" finished-at="2026-02-22T22:08:20 IST" duration-ms="476" status="PASS">
          <reporter-output>
          </reporter-output>
        </test-method> <!-- openRegisterPage -->
        <test-method signature="verifyMyStore()[pri:6, instance:com.TestCase.RegisterPageTestCases@6a2f6f80]" started-at="2026-02-22T22:08:20 IST" name="verifyMyStore" finished-at="2026-02-22T22:08:23 IST" duration-ms="3031" status="FAIL">
          <exception class="org.openqa.selenium.NoSuchElementException">
            <message>
              <![CDATA[no such element: Unable to locate element: {"method":"xpath","selector":"//*[@id="box-navigation"]/section/ul/li[1]/a/svg/use"}
  (Session info: chrome=145.0.7632.76)
For documentation on this error, please visit: https://www.selenium.dev/documentation/webdriver/troubleshooting/errors#no-such-element-exception
Build info: version: '4.18.1', revision: 'b1d3319b48'
System info: os.name: 'Windows 11', os.arch: 'amd64', os.version: '10.0', java.version: '22.0.2'
Driver info: org.openqa.selenium.chrome.ChromeDriver
Command: [4f464e531ba9223f73106a2807f2dbc4, findElement {using=xpath, value=//*[@id="box-navigation"]/section/ul/li[1]/a/svg/use}]
Capabilities {acceptInsecureCerts: false, browserName: chrome, browserVersion: 145.0.7632.76, chrome: {chromedriverVersion: 145.0.7632.77 (da516187054a..., userDataDir: C:\WINDOWS\SystemTemp\scope...}, fedcm:accounts: true, goog:chromeOptions: {debuggerAddress: localhost:57208}, goog:processID: 15592, networkConnectionEnabled: false, pageLoadStrategy: normal, platformName: windows, proxy: Proxy(), se:cdp: ws://localhost:57208/devtoo..., se:cdpVersion: 145.0.7632.76, setWindowRect: true, strictFileInteractability: false, timeouts: {implicit: 0, pageLoad: 300000, script: 30000}, unhandledPromptBehavior: dismiss and notify, webauthn:extension:credBlob: true, webauthn:extension:largeBlob: true, webauthn:extension:minPinLength: true, webauthn:extension:prf: true, webauthn:virtualAuthenticators: true}
Session ID: 4f464e531ba9223f73106a2807f2dbc4]]>
            </message>
            <full-stacktrace>
              <![CDATA[org.openqa.selenium.NoSuchElementException: no such element: Unable to locate element: {"method":"xpath","selector":"//*[@id="box-navigation"]/section/ul/li[1]/a/svg/use"}
  (Session info: chrome=145.0.7632.76)
For documentation on this error, please visit: https://www.selenium.dev/documentation/webdriver/troubleshooting/errors#no-such-element-exception
Build info: version: '4.18.1', revision: 'b1d3319b48'
System info: os.name: 'Windows 11', os.arch: 'amd64', os.version: '10.0', java.version: '22.0.2'
Driver info: org.openqa.selenium.chrome.ChromeDriver
Command: [4f464e531ba9223f73106a2807f2dbc4, findElement {using=xpath, value=//*[@id="box-navigation"]/section/ul/li[1]/a/svg/use}]
Capabilities {acceptInsecureCerts: false, browserName: chrome, browserVersion: 145.0.7632.76, chrome: {chromedriverVersion: 145.0.7632.77 (da516187054a..., userDataDir: C:\WINDOWS\SystemTemp\scope...}, fedcm:accounts: true, goog:chromeOptions: {debuggerAddress: localhost:57208}, goog:processID: 15592, networkConnectionEnabled: false, pageLoadStrategy: normal, platformName: windows, proxy: Proxy(), se:cdp: ws://localhost:57208/devtoo..., se:cdpVersion: 145.0.7632.76, setWindowRect: true, strictFileInteractability: false, timeouts: {implicit: 0, pageLoad: 300000, script: 30000}, unhandledPromptBehavior: dismiss and notify, webauthn:extension:credBlob: true, webauthn:extension:largeBlob: true, webauthn:extension:minPinLength: true, webauthn:extension:prf: true, webauthn:virtualAuthenticators: true}
Session ID: 4f464e531ba9223f73106a2807f2dbc4
at java.base/jdk.internal.reflect.DirectConstructorHandleAccessor.newInstance(DirectConstructorHandleAccessor.java:62)
at java.base/java.lang.reflect.Constructor.newInstanceWithCaller(Constructor.java:502)
at java.base/java.lang.reflect.Constructor.newInstance(Constructor.java:486)
at org.openqa.selenium.remote.ErrorCodec.decode(ErrorCodec.java:167)
at org.openqa.selenium.remote.codec.w3c.W3CHttpResponseCodec.decode(W3CHttpResponseCodec.java:138)
at org.openqa.selenium.remote.codec.w3c.W3CHttpResponseCodec.decode(W3CHttpResponseCodec.java:50)
at org.openqa.selenium.remote.HttpCommandExecutor.execute(HttpCommandExecutor.java:190)
at org.openqa.selenium.remote.service.DriverCommandExecutor.invokeExecute(DriverCommandExecutor.java:216)
at org.openqa.selenium.remote.service.DriverCommandExecutor.execute(DriverCommandExecutor.java:174)
at org.openqa.selenium.remote.RemoteWebDriver.execute(RemoteWebDriver.java:519)
at org.openqa.selenium.remote.ElementLocation$ElementFinder$2.findElement(ElementLocation.java:165)
at org.openqa.selenium.remote.ElementLocation.findElement(ElementLocation.java:59)
at org.openqa.selenium.remote.RemoteWebDriver.findElement(RemoteWebDriver.java:356)
at org.openqa.selenium.remote.RemoteWebDriver.findElement(RemoteWebDriver.java:350)
at org.openqa.selenium.support.pagefactory.DefaultElementLocator.findElement(DefaultElementLocator.java:68)
at org.openqa.selenium.support.pagefactory.internal.LocatingElementHandler.invoke(LocatingElementHandler.java:38)
at jdk.proxy2/jdk.proxy2.$Proxy14.click(Unknown Source)
at com.JBK.project_Pages.RegisterPage.clickMyStore(RegisterPage.java:57)
at com.TestCase.RegisterPageTestCases.verifyMyStore(RegisterPageTestCases.java:142)
at java.base/jdk.internal.reflect.DirectMethodHandleAccessor.invoke(DirectMethodHandleAccessor.java:103)
at java.base/java.lang.reflect.Method.invoke(Method.java:580)
at org.testng.internal.invokers.MethodInvocationHelper.invokeMethod(MethodInvocationHelper.java:141)
at org.testng.internal.invokers.TestInvoker.invokeMethod(TestInvoker.java:687)
at org.testng.internal.invokers.TestInvoker.invokeTestMethod(TestInvoker.java:230)
at org.testng.internal.invokers.MethodRunner.runInSequence(MethodRunner.java:63)
at org.testng.internal.invokers.TestInvoker$MethodInvocationAgent.invoke(TestInvoker.java:995)
at org.testng.internal.invokers.TestInvoker.invokeTestMethods(TestInvoker.java:203)
at org.testng.internal.invokers.TestMethodWorker.invokeTestMethods(TestMethodWorker.java:154)
at org.testng.internal.invokers.TestMethodWorker.run(TestMethodWorker.java:134)
at java.base/java.util.ArrayList.forEach(ArrayList.java:1597)
at org.testng.TestRunner.privateRun(TestRunner.java:741)
at org.testng.TestRunner.run(TestRunner.java:616)
at org.testng.SuiteRunner.runTest(SuiteRunner.java:421)
at org.testng.SuiteRunner.runSequentially(SuiteRunner.java:413)
at org.testng.SuiteRunner.privateRun(SuiteRunner.java:373)
at org.testng.SuiteRunner.run(SuiteRunner.java:312)
at org.testng.SuiteRunnerWorker.runSuite(SuiteRunnerWorker.java:52)
at org.testng.SuiteRunnerWorker.run(SuiteRunnerWorker.java:95)
at org.testng.TestNG.runSuitesSequentially(TestNG.java:1274)
at org.testng.TestNG.runSuitesLocally(TestNG.java:1208)
at org.testng.TestNG.runSuites(TestNG.java:1112)
at org.testng.TestNG.run(TestNG.java:1079)
at org.testng.remote.AbstractRemoteTestNG.run(AbstractRemoteTestNG.java:115)
at org.testng.remote.RemoteTestNG.initAndRun(RemoteTestNG.java:293)
at org.testng.remote.RemoteTestNG.main(RemoteTestNG.java:91)
]]>
            </full-stacktrace>
          </exception> <!-- org.openqa.selenium.NoSuchElementException -->
          <reporter-output>
          </reporter-output>
        </test-method> <!-- verifyMyStore -->
        <test-method is-config="true" signature="tearDown()[pri:0, instance:com.TestCase.RegisterPageTestCases@6a2f6f80]" started-at="2026-02-22T22:08:23 IST" name="tearDown" finished-at="2026-02-22T22:08:24 IST" duration-ms="217" status="PASS">
          <reporter-output>
          </reporter-output>
        </test-method> <!-- tearDown -->
      </class> <!-- com.TestCase.RegisterPageTestCases -->
      <class name="com.TestCase.LoginPageTestCases">
        <test-method is-config="true" signature="setUp(java.lang.String,java.lang.String)[pri:0, instance:com.TestCase.LoginPageTestCases@6ab778a]" started-at="2026-02-22T22:08:24 IST" name="setUp" finished-at="2026-02-22T22:08:26 IST" duration-ms="2479" status="PASS">
          <params>
            <param index="0">
              <value>
                <![CDATA[chrome]]>
              </value>
            </param>
            <param index="1">
              <value>
                <![CDATA[https://javabykiran.in/other/CC/]]>
              </value>
            </param>
          </params>
          <reporter-output>
          </reporter-output>
        </test-method> <!-- setUp -->
        <test-method is-config="true" signature="setup()[pri:0, instance:com.TestCase.LoginPageTestCases@6ab778a]" started-at="2026-02-22T22:08:26 IST" name="setup" finished-at="2026-02-22T22:08:27 IST" duration-ms="517" status="PASS">
          <reporter-output>
          </reporter-output>
        </test-method> <!-- setup -->
        <test-method signature="testLogin(java.lang.String,java.lang.String,java.lang.String)[pri:0, instance:com.TestCase.LoginPageTestCases@6ab778a]" started-at="2026-02-22T22:08:27 IST" name="testLogin" data-provider="loginData" finished-at="2026-02-22T22:08:27 IST" duration-ms="826" status="PASS">
          <params>
            <param index="0">
              <value>
                <![CDATA[iranna@gmail.com]]>
              </value>
            </param>
            <param index="1">
              <value>
                <![CDATA[Iranna@123]]>
              </value>
            </param>
            <param index="2">
              <value>
                <![CDATA[1]]>
              </value>
            </param>
          </params>
          <reporter-output>
          </reporter-output>
        </test-method> <!-- testLogin -->
        <test-method is-config="true" signature="tearDown()[pri:0, instance:com.TestCase.LoginPageTestCases@6ab778a]" started-at="2026-02-22T22:08:27 IST" name="tearDown" finished-at="2026-02-22T22:08:28 IST" duration-ms="154" status="PASS">
          <reporter-output>
          </reporter-output>
        </test-method> <!-- tearDown -->
        <test-method is-config="true" signature="setUp(java.lang.String,java.lang.String)[pri:0, instance:com.TestCase.LoginPageTestCases@6ab778a]" started-at="2026-02-22T22:08:28 IST" name="setUp" finished-at="2026-02-22T22:08:30 IST" duration-ms="2443" status="PASS">
          <params>
            <param index="0">
              <value>
                <![CDATA[chrome]]>
              </value>
            </param>
            <param index="1">
              <value>
                <![CDATA[https://javabykiran.in/other/CC/]]>
              </value>
            </param>
          </params>
          <reporter-output>
          </reporter-output>
        </test-method> <!-- setUp -->
        <test-method is-config="true" signature="setup()[pri:0, instance:com.TestCase.LoginPageTestCases@6ab778a]" started-at="2026-02-22T22:08:30 IST" name="setup" finished-at="2026-02-22T22:08:30 IST" duration-ms="435" status="PASS">
          <reporter-output>
          </reporter-output>
        </test-method> <!-- setup -->
        <test-method signature="testLogin(java.lang.String,java.lang.String,java.lang.String)[pri:0, instance:com.TestCase.LoginPageTestCases@6ab778a]" started-at="2026-02-22T22:08:30 IST" name="testLogin" data-provider="loginData" finished-at="2026-02-22T22:08:31 IST" duration-ms="496" status="PASS">
          <params>
            <param index="0">
              <value>
                <![CDATA[test12321d]]>
              </value>
            </param>
            <param index="1">
              <value>
                <![CDATA[wrongpass]]>
              </value>
            </param>
            <param index="2">
              <value>
                <![CDATA[2]]>
              </value>
            </param>
          </params>
          <reporter-output>
          </reporter-output>
        </test-method> <!-- testLogin -->
        <test-method is-config="true" signature="tearDown()[pri:0, instance:com.TestCase.LoginPageTestCases@6ab778a]" started-at="2026-02-22T22:08:31 IST" name="tearDown" finished-at="2026-02-22T22:08:31 IST" duration-ms="163" status="PASS">
          <reporter-output>
          </reporter-output>
        </test-method> <!-- tearDown -->
        <test-method is-config="true" signature="setUp(java.lang.String,java.lang.String)[pri:0, instance:com.TestCase.LoginPageTestCases@6ab778a]" started-at="2026-02-22T22:08:31 IST" name="setUp" finished-at="2026-02-22T22:08:34 IST" duration-ms="3103" status="PASS">
          <params>
            <param index="0">
              <value>
                <![CDATA[chrome]]>
              </value>
            </param>
            <param index="1">
              <value>
                <![CDATA[https://javabykiran.in/other/CC/]]>
              </value>
            </param>
          </params>
          <reporter-output>
          </reporter-output>
        </test-method> <!-- setUp -->
        <test-method is-config="true" signature="setup()[pri:0, instance:com.TestCase.LoginPageTestCases@6ab778a]" started-at="2026-02-22T22:08:34 IST" name="setup" finished-at="2026-02-22T22:08:35 IST" duration-ms="473" status="PASS">
          <reporter-output>
          </reporter-output>
        </test-method> <!-- setup -->
        <test-method signature="testLogin(java.lang.String,java.lang.String,java.lang.String)[pri:0, instance:com.TestCase.LoginPageTestCases@6ab778a]" started-at="2026-02-22T22:08:35 IST" name="testLogin" data-provider="loginData" finished-at="2026-02-22T22:08:36 IST" duration-ms="955" status="PASS">
          <params>
            <param index="0">
              <value>
                <![CDATA[pradeep@gmail.com]]>
              </value>
            </param>
            <param index="1">
              <value>
                <![CDATA[pradeep@123]]>
              </value>
            </param>
            <param index="2">
              <value>
                <![CDATA[3]]>
              </value>
            </param>
          </params>
          <reporter-output>
          </reporter-output>
        </test-method> <!-- testLogin -->
        <test-method is-config="true" signature="tearDown()[pri:0, instance:com.TestCase.LoginPageTestCases@6ab778a]" started-at="2026-02-22T22:08:36 IST" name="tearDown" finished-at="2026-02-22T22:08:36 IST" duration-ms="157" status="PASS">
          <reporter-output>
          </reporter-output>
        </test-method> <!-- tearDown -->
        <test-method is-config="true" signature="setUp(java.lang.String,java.lang.String)[pri:0, instance:com.TestCase.LoginPageTestCases@6ab778a]" started-at="2026-02-22T22:08:36 IST" name="setUp" finished-at="2026-02-22T22:08:39 IST" duration-ms="2688" status="PASS">
          <params>
            <param index="0">
              <value>
                <![CDATA[chrome]]>
              </value>
            </param>
            <param index="1">
              <value>
                <![CDATA[https://javabykiran.in/other/CC/]]>
              </value>
            </param>
          </params>
          <reporter-output>
          </reporter-output>
        </test-method> <!-- setUp -->
        <test-method is-config="true" signature="setup()[pri:0, instance:com.TestCase.LoginPageTestCases@6ab778a]" started-at="2026-02-22T22:08:39 IST" name="setup" finished-at="2026-02-22T22:08:39 IST" duration-ms="411" status="PASS">
          <reporter-output>
          </reporter-output>
        </test-method> <!-- setup -->
        <test-method signature="testLogin(java.lang.String,java.lang.String,java.lang.String)[pri:0, instance:com.TestCase.LoginPageTestCases@6ab778a]" started-at="2026-02-22T22:08:39 IST" name="testLogin" data-provider="loginData" finished-at="2026-02-22T22:08:39 IST" duration-ms="528" status="PASS">
          <params>
            <param index="0">
              <value>
                <![CDATA[]]>
              </value>
            </param>
            <param index="1">
              <value>
                <![CDATA[]]>
              </value>
            </param>
            <param index="2">
              <value>
                <![CDATA[4]]>
              </value>
            </param>
          </params>
          <reporter-output>
          </reporter-output>
        </test-method> <!-- testLogin -->
        <test-method is-config="true" signature="tearDown()[pri:0, instance:com.TestCase.LoginPageTestCases@6ab778a]" started-at="2026-02-22T22:08:39 IST" name="tearDown" finished-at="2026-02-22T22:08:40 IST" duration-ms="151" status="PASS">
          <reporter-output>
          </reporter-output>
        </test-method> <!-- tearDown -->
        <test-method is-config="true" signature="setUp(java.lang.String,java.lang.String)[pri:0, instance:com.TestCase.LoginPageTestCases@6ab778a]" started-at="2026-02-22T22:08:40 IST" name="setUp" finished-at="2026-02-22T22:08:43 IST" duration-ms="3025" status="PASS">
          <params>
            <param index="0">
              <value>
                <![CDATA[chrome]]>
              </value>
            </param>
            <param index="1">
              <value>
                <![CDATA[https://javabykiran.in/other/CC/]]>
              </value>
            </param>
          </params>
          <reporter-output>
          </reporter-output>
        </test-method> <!-- setUp -->
        <test-method is-config="true" signature="setup()[pri:0, instance:com.TestCase.LoginPageTestCases@6ab778a]" started-at="2026-02-22T22:08:43 IST" name="setup" finished-at="2026-02-22T22:08:43 IST" duration-ms="462" status="PASS">
          <reporter-output>
          </reporter-output>
        </test-method> <!-- setup -->
        <test-method signature="verifyRegisterBtn()[pri:1, instance:com.TestCase.LoginPageTestCases@6ab778a]" started-at="2026-02-22T22:08:43 IST" name="verifyRegisterBtn" finished-at="2026-02-22T22:08:43 IST" duration-ms="84" status="PASS">
          <reporter-output>
          </reporter-output>
        </test-method> <!-- verifyRegisterBtn -->
        <test-method is-config="true" signature="tearDown()[pri:0, instance:com.TestCase.LoginPageTestCases@6ab778a]" started-at="2026-02-22T22:08:43 IST" name="tearDown" finished-at="2026-02-22T22:08:43 IST" duration-ms="192" status="PASS">
          <reporter-output>
          </reporter-output>
        </test-method> <!-- tearDown -->
        <test-method is-config="true" signature="setUp(java.lang.String,java.lang.String)[pri:0, instance:com.TestCase.LoginPageTestCases@6ab778a]" started-at="2026-02-22T22:08:43 IST" name="setUp" finished-at="2026-02-22T22:08:46 IST" duration-ms="3025" status="PASS">
          <params>
            <param index="0">
              <value>
                <![CDATA[chrome]]>
              </value>
            </param>
            <param index="1">
              <value>
                <![CDATA[https://javabykiran.in/other/CC/]]>
              </value>
            </param>
          </params>
          <reporter-output>
          </reporter-output>
        </test-method> <!-- setUp -->
        <test-method is-config="true" signature="setup()[pri:0, instance:com.TestCase.LoginPageTestCases@6ab778a]" started-at="2026-02-22T22:08:46 IST" name="setup" finished-at="2026-02-22T22:08:47 IST" duration-ms="415" status="PASS">
          <reporter-output>
          </reporter-output>
        </test-method> <!-- setup -->
        <test-method signature="verifySmart()[pri:2, instance:com.TestCase.LoginPageTestCases@6ab778a]" started-at="2026-02-22T22:08:47 IST" name="verifySmart" finished-at="2026-02-22T22:08:47 IST" duration-ms="477" status="PASS">
          <reporter-output>
          </reporter-output>
        </test-method> <!-- verifySmart -->
        <test-method is-config="true" signature="tearDown()[pri:0, instance:com.TestCase.LoginPageTestCases@6ab778a]" started-at="2026-02-22T22:08:47 IST" name="tearDown" finished-at="2026-02-22T22:08:47 IST" duration-ms="203" status="PASS">
          <reporter-output>
          </reporter-output>
        </test-method> <!-- tearDown -->
        <test-method is-config="true" signature="setUp(java.lang.String,java.lang.String)[pri:0, instance:com.TestCase.LoginPageTestCases@6ab778a]" started-at="2026-02-22T22:08:47 IST" name="setUp" finished-at="2026-02-22T22:08:50 IST" duration-ms="2575" status="PASS">
          <params>
            <param index="0">
              <value>
                <![CDATA[chrome]]>
              </value>
            </param>
            <param index="1">
              <value>
                <![CDATA[https://javabykiran.in/other/CC/]]>
              </value>
            </param>
          </params>
          <reporter-output>
          </reporter-output>
        </test-method> <!-- setUp -->
        <test-method is-config="true" signature="setup()[pri:0, instance:com.TestCase.LoginPageTestCases@6ab778a]" started-at="2026-02-22T22:08:50 IST" name="setup" finished-at="2026-02-22T22:08:51 IST" duration-ms="437" status="PASS">
          <reporter-output>
          </reporter-output>
        </test-method> <!-- setup -->
        <test-method signature="verifySaleItem()[pri:3, instance:com.TestCase.LoginPageTestCases@6ab778a]" started-at="2026-02-22T22:08:51 IST" name="verifySaleItem" finished-at="2026-02-22T22:08:54 IST" duration-ms="3032" status="FAIL">
          <exception class="org.openqa.selenium.NoSuchElementException">
            <message>
              <![CDATA[no such element: Unable to locate element: {"method":"xpath","selector":"//*[@id="main_content"]/h2"}
  (Session info: chrome=145.0.7632.76)
For documentation on this error, please visit: https://www.selenium.dev/documentation/webdriver/troubleshooting/errors#no-such-element-exception
Build info: version: '4.18.1', revision: 'b1d3319b48'
System info: os.name: 'Windows 11', os.arch: 'amd64', os.version: '10.0', java.version: '22.0.2'
Driver info: org.openqa.selenium.chrome.ChromeDriver
Command: [7611222d2d5e775bdb0c0e7d6ff71748, findElement {using=xpath, value=//*[@id="main_content"]/h2}]
Capabilities {acceptInsecureCerts: false, browserName: chrome, browserVersion: 145.0.7632.76, chrome: {chromedriverVersion: 145.0.7632.77 (da516187054a..., userDataDir: C:\WINDOWS\SystemTemp\scope...}, fedcm:accounts: true, goog:chromeOptions: {debuggerAddress: localhost:65211}, goog:processID: 9832, networkConnectionEnabled: false, pageLoadStrategy: normal, platformName: windows, proxy: Proxy(), se:cdp: ws://localhost:65211/devtoo..., se:cdpVersion: 145.0.7632.76, setWindowRect: true, strictFileInteractability: false, timeouts: {implicit: 0, pageLoad: 300000, script: 30000}, unhandledPromptBehavior: dismiss and notify, webauthn:extension:credBlob: true, webauthn:extension:largeBlob: true, webauthn:extension:minPinLength: true, webauthn:extension:prf: true, webauthn:virtualAuthenticators: true}
Session ID: 7611222d2d5e775bdb0c0e7d6ff71748]]>
            </message>
            <full-stacktrace>
              <![CDATA[org.openqa.selenium.NoSuchElementException: no such element: Unable to locate element: {"method":"xpath","selector":"//*[@id="main_content"]/h2"}
  (Session info: chrome=145.0.7632.76)
For documentation on this error, please visit: https://www.selenium.dev/documentation/webdriver/troubleshooting/errors#no-such-element-exception
Build info: version: '4.18.1', revision: 'b1d3319b48'
System info: os.name: 'Windows 11', os.arch: 'amd64', os.version: '10.0', java.version: '22.0.2'
Driver info: org.openqa.selenium.chrome.ChromeDriver
Command: [7611222d2d5e775bdb0c0e7d6ff71748, findElement {using=xpath, value=//*[@id="main_content"]/h2}]
Capabilities {acceptInsecureCerts: false, browserName: chrome, browserVersion: 145.0.7632.76, chrome: {chromedriverVersion: 145.0.7632.77 (da516187054a..., userDataDir: C:\WINDOWS\SystemTemp\scope...}, fedcm:accounts: true, goog:chromeOptions: {debuggerAddress: localhost:65211}, goog:processID: 9832, networkConnectionEnabled: false, pageLoadStrategy: normal, platformName: windows, proxy: Proxy(), se:cdp: ws://localhost:65211/devtoo..., se:cdpVersion: 145.0.7632.76, setWindowRect: true, strictFileInteractability: false, timeouts: {implicit: 0, pageLoad: 300000, script: 30000}, unhandledPromptBehavior: dismiss and notify, webauthn:extension:credBlob: true, webauthn:extension:largeBlob: true, webauthn:extension:minPinLength: true, webauthn:extension:prf: true, webauthn:virtualAuthenticators: true}
Session ID: 7611222d2d5e775bdb0c0e7d6ff71748
at java.base/jdk.internal.reflect.DirectConstructorHandleAccessor.newInstance(DirectConstructorHandleAccessor.java:62)
at java.base/java.lang.reflect.Constructor.newInstanceWithCaller(Constructor.java:502)
at java.base/java.lang.reflect.Constructor.newInstance(Constructor.java:486)
at org.openqa.selenium.remote.ErrorCodec.decode(ErrorCodec.java:167)
at org.openqa.selenium.remote.codec.w3c.W3CHttpResponseCodec.decode(W3CHttpResponseCodec.java:138)
at org.openqa.selenium.remote.codec.w3c.W3CHttpResponseCodec.decode(W3CHttpResponseCodec.java:50)
at org.openqa.selenium.remote.HttpCommandExecutor.execute(HttpCommandExecutor.java:190)
at org.openqa.selenium.remote.service.DriverCommandExecutor.invokeExecute(DriverCommandExecutor.java:216)
at org.openqa.selenium.remote.service.DriverCommandExecutor.execute(DriverCommandExecutor.java:174)
at org.openqa.selenium.remote.RemoteWebDriver.execute(RemoteWebDriver.java:519)
at org.openqa.selenium.remote.ElementLocation$ElementFinder$2.findElement(ElementLocation.java:165)
at org.openqa.selenium.remote.ElementLocation.findElement(ElementLocation.java:59)
at org.openqa.selenium.remote.RemoteWebDriver.findElement(RemoteWebDriver.java:356)
at org.openqa.selenium.remote.RemoteWebDriver.findElement(RemoteWebDriver.java:350)
at org.openqa.selenium.support.pagefactory.DefaultElementLocator.findElement(DefaultElementLocator.java:68)
at org.openqa.selenium.support.pagefactory.internal.LocatingElementHandler.invoke(LocatingElementHandler.java:38)
at jdk.proxy2/jdk.proxy2.$Proxy14.getText(Unknown Source)
at com.JBK.project_Pages.LoginPage.saleItemMSG(LoginPage.java:34)
at com.TestCase.LoginPageTestCases.verifySaleItem(LoginPageTestCases.java:72)
at java.base/jdk.internal.reflect.DirectMethodHandleAccessor.invoke(DirectMethodHandleAccessor.java:103)
at java.base/java.lang.reflect.Method.invoke(Method.java:580)
at org.testng.internal.invokers.MethodInvocationHelper.invokeMethod(MethodInvocationHelper.java:141)
at org.testng.internal.invokers.TestInvoker.invokeMethod(TestInvoker.java:687)
at org.testng.internal.invokers.TestInvoker.invokeTestMethod(TestInvoker.java:230)
at org.testng.internal.invokers.MethodRunner.runInSequence(MethodRunner.java:63)
at org.testng.internal.invokers.TestInvoker$MethodInvocationAgent.invoke(TestInvoker.java:995)
at org.testng.internal.invokers.TestInvoker.invokeTestMethods(TestInvoker.java:203)
at org.testng.internal.invokers.TestMethodWorker.invokeTestMethods(TestMethodWorker.java:154)
at org.testng.internal.invokers.TestMethodWorker.run(TestMethodWorker.java:134)
at java.base/java.util.ArrayList.forEach(ArrayList.java:1597)
at org.testng.TestRunner.privateRun(TestRunner.java:741)
at org.testng.TestRunner.run(TestRunner.java:616)
at org.testng.SuiteRunner.runTest(SuiteRunner.java:421)
at org.testng.SuiteRunner.runSequentially(SuiteRunner.java:413)
at org.testng.SuiteRunner.privateRun(SuiteRunner.java:373)
at org.testng.SuiteRunner.run(SuiteRunner.java:312)
at org.testng.SuiteRunnerWorker.runSuite(SuiteRunnerWorker.java:52)
at org.testng.SuiteRunnerWorker.run(SuiteRunnerWorker.java:95)
at org.testng.TestNG.runSuitesSequentially(TestNG.java:1274)
at org.testng.TestNG.runSuitesLocally(TestNG.java:1208)
at org.testng.TestNG.runSuites(TestNG.java:1112)
at org.testng.TestNG.run(TestNG.java:1079)
at org.testng.remote.AbstractRemoteTestNG.run(AbstractRemoteTestNG.java:115)
at org.testng.remote.RemoteTestNG.initAndRun(RemoteTestNG.java:293)
at org.testng.remote.RemoteTestNG.main(RemoteTestNG.java:91)
]]>
            </full-stacktrace>
          </exception> <!-- org.openqa.selenium.NoSuchElementException -->
          <reporter-output>
          </reporter-output>
        </test-method> <!-- verifySaleItem -->
        <test-method is-config="true" signature="tearDown()[pri:0, instance:com.TestCase.LoginPageTestCases@6ab778a]" started-at="2026-02-22T22:08:54 IST" name="tearDown" finished-at="2026-02-22T22:08:54 IST" duration-ms="198" status="PASS">
          <reporter-output>
          </reporter-output>
        </test-method> <!-- tearDown -->
      </class> <!-- com.TestCase.LoginPageTestCases -->
      <class name="com.TestCase.LandingPageTestCases">
        <test-method is-config="true" signature="setUp(java.lang.String,java.lang.String)[pri:0, instance:com.TestCase.LandingPageTestCases@1ff4931d]" started-at="2026-02-22T22:06:32 IST" name="setUp" finished-at="2026-02-22T22:06:36 IST" duration-ms="3538" status="PASS">
          <params>
            <param index="0">
              <value>
                <![CDATA[chrome]]>
              </value>
            </param>
            <param index="1">
              <value>
                <![CDATA[https://javabykiran.in/other/CC/]]>
              </value>
            </param>
          </params>
          <reporter-output>
          </reporter-output>
        </test-method> <!-- setUp -->
        <test-method signature="subscribedMail(java.lang.String,java.lang.String)[pri:1, instance:com.TestCase.LandingPageTestCases@1ff4931d]" started-at="2026-02-22T22:06:36 IST" name="subscribedMail" data-provider="emailData" finished-at="2026-02-22T22:06:37 IST" duration-ms="1096" status="PASS">
          <params>
            <param index="0">
              <value>
                <![CDATA[test@gmail.com]]>
              </value>
            </param>
            <param index="1">
              <value>
                <![CDATA[1]]>
              </value>
            </param>
          </params>
          <reporter-output>
          </reporter-output>
        </test-method> <!-- subscribedMail -->
        <test-method is-config="true" signature="tearDown()[pri:0, instance:com.TestCase.LandingPageTestCases@1ff4931d]" started-at="2026-02-22T22:06:37 IST" name="tearDown" finished-at="2026-02-22T22:06:37 IST" duration-ms="182" status="PASS">
          <reporter-output>
          </reporter-output>
        </test-method> <!-- tearDown -->
        <test-method is-config="true" signature="setUp(java.lang.String,java.lang.String)[pri:0, instance:com.TestCase.LandingPageTestCases@1ff4931d]" started-at="2026-02-22T22:06:37 IST" name="setUp" finished-at="2026-02-22T22:06:40 IST" duration-ms="2662" status="PASS">
          <params>
            <param index="0">
              <value>
                <![CDATA[chrome]]>
              </value>
            </param>
            <param index="1">
              <value>
                <![CDATA[https://javabykiran.in/other/CC/]]>
              </value>
            </param>
          </params>
          <reporter-output>
          </reporter-output>
        </test-method> <!-- setUp -->
        <test-method signature="subscribedMail(java.lang.String,java.lang.String)[pri:1, instance:com.TestCase.LandingPageTestCases@1ff4931d]" started-at="2026-02-22T22:06:40 IST" name="subscribedMail" data-provider="emailData" finished-at="2026-02-22T22:06:41 IST" duration-ms="1044" status="PASS">
          <params>
            <param index="0">
              <value>
                <![CDATA[automation@test.com]]>
              </value>
            </param>
            <param index="1">
              <value>
                <![CDATA[1]]>
              </value>
            </param>
          </params>
          <reporter-output>
          </reporter-output>
        </test-method> <!-- subscribedMail -->
        <test-method is-config="true" signature="tearDown()[pri:0, instance:com.TestCase.LandingPageTestCases@1ff4931d]" started-at="2026-02-22T22:06:41 IST" name="tearDown" finished-at="2026-02-22T22:06:41 IST" duration-ms="166" status="PASS">
          <reporter-output>
          </reporter-output>
        </test-method> <!-- tearDown -->
        <test-method is-config="true" signature="setUp(java.lang.String,java.lang.String)[pri:0, instance:com.TestCase.LandingPageTestCases@1ff4931d]" started-at="2026-02-22T22:06:41 IST" name="setUp" finished-at="2026-02-22T22:06:43 IST" duration-ms="2295" status="PASS">
          <params>
            <param index="0">
              <value>
                <![CDATA[chrome]]>
              </value>
            </param>
            <param index="1">
              <value>
                <![CDATA[https://javabykiran.in/other/CC/]]>
              </value>
            </param>
          </params>
          <reporter-output>
          </reporter-output>
        </test-method> <!-- setUp -->
        <test-method signature="subscribedMail(java.lang.String,java.lang.String)[pri:1, instance:com.TestCase.LandingPageTestCases@1ff4931d]" started-at="2026-02-22T22:06:43 IST" name="subscribedMail" data-provider="emailData" finished-at="2026-02-22T22:06:44 IST" duration-ms="530" status="PASS">
          <params>
            <param index="0">
              <value>
                <![CDATA[demo12234]]>
              </value>
            </param>
            <param index="1">
              <value>
                <![CDATA[2]]>
              </value>
            </param>
          </params>
          <reporter-output>
          </reporter-output>
        </test-method> <!-- subscribedMail -->
        <test-method is-config="true" signature="tearDown()[pri:0, instance:com.TestCase.LandingPageTestCases@1ff4931d]" started-at="2026-02-22T22:06:44 IST" name="tearDown" finished-at="2026-02-22T22:06:44 IST" duration-ms="177" status="PASS">
          <reporter-output>
          </reporter-output>
        </test-method> <!-- tearDown -->
        <test-method is-config="true" signature="setUp(java.lang.String,java.lang.String)[pri:0, instance:com.TestCase.LandingPageTestCases@1ff4931d]" started-at="2026-02-22T22:06:44 IST" name="setUp" finished-at="2026-02-22T22:06:46 IST" duration-ms="2251" status="PASS">
          <params>
            <param index="0">
              <value>
                <![CDATA[chrome]]>
              </value>
            </param>
            <param index="1">
              <value>
                <![CDATA[https://javabykiran.in/other/CC/]]>
              </value>
            </param>
          </params>
          <reporter-output>
          </reporter-output>
        </test-method> <!-- setUp -->
        <test-method signature="searchProduct(java.lang.String,java.lang.String)[pri:2, instance:com.TestCase.LandingPageTestCases@1ff4931d]" started-at="2026-02-22T22:06:46 IST" name="searchProduct" data-provider="td" finished-at="2026-02-22T22:06:47 IST" duration-ms="622" status="FAIL">
          <params>
            <param index="0">
              <value>
                <![CDATA[laptop]]>
              </value>
            </param>
            <param index="1">
              <value>
                <![CDATA[1]]>
              </value>
            </param>
          </params>
          <exception class="java.lang.AssertionError">
            <message>
              <![CDATA[Valid product search failed expected [Product Found,Search results] but found [Search results]]]>
            </message>
            <full-stacktrace>
              <![CDATA[java.lang.AssertionError: Valid product search failed expected [Product Found,Search results] but found [Search results]
at org.testng.Assert.fail(Assert.java:111)
at org.testng.Assert.failNotEquals(Assert.java:1590)
at org.testng.Assert.assertEqualsImpl(Assert.java:150)
at org.testng.Assert.assertEquals(Assert.java:132)
at org.testng.Assert.assertEquals(Assert.java:656)
at com.TestCase.LandingPageTestCases.searchProduct(LandingPageTestCases.java:53)
at java.base/jdk.internal.reflect.DirectMethodHandleAccessor.invoke(DirectMethodHandleAccessor.java:103)
at java.base/java.lang.reflect.Method.invoke(Method.java:580)
at org.testng.internal.invokers.MethodInvocationHelper.invokeMethod(MethodInvocationHelper.java:141)
at org.testng.internal.invokers.TestInvoker.invokeMethod(TestInvoker.java:687)
at org.testng.internal.invokers.TestInvoker.invokeTestMethod(TestInvoker.java:230)
at org.testng.internal.invokers.MethodRunner.runInSequence(MethodRunner.java:63)
at org.testng.internal.invokers.TestInvoker$MethodInvocationAgent.invoke(TestInvoker.java:995)
at org.testng.internal.invokers.TestInvoker.invokeTestMethods(TestInvoker.java:203)
at org.testng.internal.invokers.TestMethodWorker.invokeTestMethods(TestMethodWorker.java:154)
at org.testng.internal.invokers.TestMethodWorker.run(TestMethodWorker.java:134)
at java.base/java.util.ArrayList.forEach(ArrayList.java:1597)
at org.testng.TestRunner.privateRun(TestRunner.java:741)
at org.testng.TestRunner.run(TestRunner.java:616)
at org.testng.SuiteRunner.runTest(SuiteRunner.java:421)
at org.testng.SuiteRunner.runSequentially(SuiteRunner.java:413)
at org.testng.SuiteRunner.privateRun(SuiteRunner.java:373)
at org.testng.SuiteRunner.run(SuiteRunner.java:312)
at org.testng.SuiteRunnerWorker.runSuite(SuiteRunnerWorker.java:52)
at org.testng.SuiteRunnerWorker.run(SuiteRunnerWorker.java:95)
at org.testng.TestNG.runSuitesSequentially(TestNG.java:1274)
at org.testng.TestNG.runSuitesLocally(TestNG.java:1208)
at org.testng.TestNG.runSuites(TestNG.java:1112)
at org.testng.TestNG.run(TestNG.java:1079)
at org.testng.remote.AbstractRemoteTestNG.run(AbstractRemoteTestNG.java:115)
at org.testng.remote.RemoteTestNG.initAndRun(RemoteTestNG.java:293)
at org.testng.remote.RemoteTestNG.main(RemoteTestNG.java:91)
]]>
            </full-stacktrace>
          </exception> <!-- java.lang.AssertionError -->
          <reporter-output>
          </reporter-output>
        </test-method> <!-- searchProduct -->
        <test-method is-config="true" signature="tearDown()[pri:0, instance:com.TestCase.LandingPageTestCases@1ff4931d]" started-at="2026-02-22T22:06:47 IST" name="tearDown" finished-at="2026-02-22T22:06:47 IST" duration-ms="166" status="PASS">
          <reporter-output>
          </reporter-output>
        </test-method> <!-- tearDown -->
        <test-method is-config="true" signature="setUp(java.lang.String,java.lang.String)[pri:0, instance:com.TestCase.LandingPageTestCases@1ff4931d]" started-at="2026-02-22T22:06:47 IST" name="setUp" finished-at="2026-02-22T22:06:49 IST" duration-ms="2359" status="PASS">
          <params>
            <param index="0">
              <value>
                <![CDATA[chrome]]>
              </value>
            </param>
            <param index="1">
              <value>
                <![CDATA[https://javabykiran.in/other/CC/]]>
              </value>
            </param>
          </params>
          <reporter-output>
          </reporter-output>
        </test-method> <!-- setUp -->
        <test-method signature="searchProduct(java.lang.String,java.lang.String)[pri:2, instance:com.TestCase.LandingPageTestCases@1ff4931d]" started-at="2026-02-22T22:06:49 IST" name="searchProduct" data-provider="td" finished-at="2026-02-22T22:06:50 IST" duration-ms="601" status="FAIL">
          <params>
            <param index="0">
              <value>
                <![CDATA[Mobile]]>
              </value>
            </param>
            <param index="1">
              <value>
                <![CDATA[1]]>
              </value>
            </param>
          </params>
          <exception class="java.lang.AssertionError">
            <message>
              <![CDATA[Valid product search failed expected [Product Found,Search results] but found [Search results]]]>
            </message>
            <full-stacktrace>
              <![CDATA[java.lang.AssertionError: Valid product search failed expected [Product Found,Search results] but found [Search results]
at org.testng.Assert.fail(Assert.java:111)
at org.testng.Assert.failNotEquals(Assert.java:1590)
at org.testng.Assert.assertEqualsImpl(Assert.java:150)
at org.testng.Assert.assertEquals(Assert.java:132)
at org.testng.Assert.assertEquals(Assert.java:656)
at com.TestCase.LandingPageTestCases.searchProduct(LandingPageTestCases.java:53)
at java.base/jdk.internal.reflect.DirectMethodHandleAccessor.invoke(DirectMethodHandleAccessor.java:103)
at java.base/java.lang.reflect.Method.invoke(Method.java:580)
at org.testng.internal.invokers.MethodInvocationHelper.invokeMethod(MethodInvocationHelper.java:141)
at org.testng.internal.invokers.TestInvoker.invokeMethod(TestInvoker.java:687)
at org.testng.internal.invokers.TestInvoker.invokeTestMethod(TestInvoker.java:230)
at org.testng.internal.invokers.MethodRunner.runInSequence(MethodRunner.java:63)
at org.testng.internal.invokers.TestInvoker$MethodInvocationAgent.invoke(TestInvoker.java:995)
at org.testng.internal.invokers.TestInvoker.invokeTestMethods(TestInvoker.java:203)
at org.testng.internal.invokers.TestMethodWorker.invokeTestMethods(TestMethodWorker.java:154)
at org.testng.internal.invokers.TestMethodWorker.run(TestMethodWorker.java:134)
at java.base/java.util.ArrayList.forEach(ArrayList.java:1597)
at org.testng.TestRunner.privateRun(TestRunner.java:741)
at org.testng.TestRunner.run(TestRunner.java:616)
at org.testng.SuiteRunner.runTest(SuiteRunner.java:421)
at org.testng.SuiteRunner.runSequentially(SuiteRunner.java:413)
at org.testng.SuiteRunner.privateRun(SuiteRunner.java:373)
at org.testng.SuiteRunner.run(SuiteRunner.java:312)
at org.testng.SuiteRunnerWorker.runSuite(SuiteRunnerWorker.java:52)
at org.testng.SuiteRunnerWorker.run(SuiteRunnerWorker.java:95)
at org.testng.TestNG.runSuitesSequentially(TestNG.java:1274)
at org.testng.TestNG.runSuitesLocally(TestNG.java:1208)
at org.testng.TestNG.runSuites(TestNG.java:1112)
at org.testng.TestNG.run(TestNG.java:1079)
at org.testng.remote.AbstractRemoteTestNG.run(AbstractRemoteTestNG.java:115)
at org.testng.remote.RemoteTestNG.initAndRun(RemoteTestNG.java:293)
at org.testng.remote.RemoteTestNG.main(RemoteTestNG.java:91)
]]>
            </full-stacktrace>
          </exception> <!-- java.lang.AssertionError -->
          <reporter-output>
          </reporter-output>
        </test-method> <!-- searchProduct -->
        <test-method is-config="true" signature="tearDown()[pri:0, instance:com.TestCase.LandingPageTestCases@1ff4931d]" started-at="2026-02-22T22:06:50 IST" name="tearDown" finished-at="2026-02-22T22:06:50 IST" duration-ms="156" status="PASS">
          <reporter-output>
          </reporter-output>
        </test-method> <!-- tearDown -->
        <test-method is-config="true" signature="setUp(java.lang.String,java.lang.String)[pri:0, instance:com.TestCase.LandingPageTestCases@1ff4931d]" started-at="2026-02-22T22:06:50 IST" name="setUp" finished-at="2026-02-22T22:06:53 IST" duration-ms="2338" status="PASS">
          <params>
            <param index="0">
              <value>
                <![CDATA[chrome]]>
              </value>
            </param>
            <param index="1">
              <value>
                <![CDATA[https://javabykiran.in/other/CC/]]>
              </value>
            </param>
          </params>
          <reporter-output>
          </reporter-output>
        </test-method> <!-- setUp -->
        <test-method signature="searchProduct(java.lang.String,java.lang.String)[pri:2, instance:com.TestCase.LandingPageTestCases@1ff4931d]" started-at="2026-02-22T22:06:53 IST" name="searchProduct" data-provider="td" finished-at="2026-02-22T22:06:53 IST" duration-ms="635" status="PASS">
          <params>
            <param index="0">
              <value>
                <![CDATA[rocket]]>
              </value>
            </param>
            <param index="1">
              <value>
                <![CDATA[2]]>
              </value>
            </param>
          </params>
          <reporter-output>
          </reporter-output>
        </test-method> <!-- searchProduct -->
        <test-method is-config="true" signature="tearDown()[pri:0, instance:com.TestCase.LandingPageTestCases@1ff4931d]" started-at="2026-02-22T22:06:53 IST" name="tearDown" finished-at="2026-02-22T22:06:53 IST" duration-ms="145" status="PASS">
          <reporter-output>
          </reporter-output>
        </test-method> <!-- tearDown -->
        <test-method is-config="true" signature="setUp(java.lang.String,java.lang.String)[pri:0, instance:com.TestCase.LandingPageTestCases@1ff4931d]" started-at="2026-02-22T22:06:53 IST" name="setUp" finished-at="2026-02-22T22:06:56 IST" duration-ms="2518" status="PASS">
          <params>
            <param index="0">
              <value>
                <![CDATA[chrome]]>
              </value>
            </param>
            <param index="1">
              <value>
                <![CDATA[https://javabykiran.in/other/CC/]]>
              </value>
            </param>
          </params>
          <reporter-output>
          </reporter-output>
        </test-method> <!-- setUp -->
        <test-method signature="searchProduct(java.lang.String,java.lang.String)[pri:2, instance:com.TestCase.LandingPageTestCases@1ff4931d]" started-at="2026-02-22T22:06:56 IST" name="searchProduct" data-provider="td" finished-at="2026-02-22T22:06:56 IST" duration-ms="553" status="PASS">
          <params>
            <param index="0">
              <value>
                <![CDATA[gmail.com]]>
              </value>
            </param>
            <param index="1">
              <value>
                <![CDATA[2]]>
              </value>
            </param>
          </params>
          <reporter-output>
          </reporter-output>
        </test-method> <!-- searchProduct -->
        <test-method is-config="true" signature="tearDown()[pri:0, instance:com.TestCase.LandingPageTestCases@1ff4931d]" started-at="2026-02-22T22:06:56 IST" name="tearDown" finished-at="2026-02-22T22:06:57 IST" duration-ms="157" status="PASS">
          <reporter-output>
          </reporter-output>
        </test-method> <!-- tearDown -->
        <test-method is-config="true" signature="setUp(java.lang.String,java.lang.String)[pri:0, instance:com.TestCase.LandingPageTestCases@1ff4931d]" started-at="2026-02-22T22:06:57 IST" name="setUp" finished-at="2026-02-22T22:07:00 IST" duration-ms="3554" status="PASS">
          <params>
            <param index="0">
              <value>
                <![CDATA[chrome]]>
              </value>
            </param>
            <param index="1">
              <value>
                <![CDATA[https://javabykiran.in/other/CC/]]>
              </value>
            </param>
          </params>
          <reporter-output>
          </reporter-output>
        </test-method> <!-- setUp -->
        <test-method signature="searchProduct(java.lang.String,java.lang.String)[pri:2, instance:com.TestCase.LandingPageTestCases@1ff4931d]" started-at="2026-02-22T22:07:00 IST" name="searchProduct" data-provider="td" finished-at="2026-02-22T22:07:01 IST" duration-ms="730" status="PASS">
          <params>
            <param index="0">
              <value>
                <![CDATA[12345]]>
              </value>
            </param>
            <param index="1">
              <value>
                <![CDATA[2]]>
              </value>
            </param>
          </params>
          <reporter-output>
          </reporter-output>
        </test-method> <!-- searchProduct -->
        <test-method is-config="true" signature="tearDown()[pri:0, instance:com.TestCase.LandingPageTestCases@1ff4931d]" started-at="2026-02-22T22:07:01 IST" name="tearDown" finished-at="2026-02-22T22:07:01 IST" duration-ms="138" status="PASS">
          <reporter-output>
          </reporter-output>
        </test-method> <!-- tearDown -->
        <test-method is-config="true" signature="setUp(java.lang.String,java.lang.String)[pri:0, instance:com.TestCase.LandingPageTestCases@1ff4931d]" started-at="2026-02-22T22:07:01 IST" name="setUp" finished-at="2026-02-22T22:07:04 IST" duration-ms="2569" status="PASS">
          <params>
            <param index="0">
              <value>
                <![CDATA[chrome]]>
              </value>
            </param>
            <param index="1">
              <value>
                <![CDATA[https://javabykiran.in/other/CC/]]>
              </value>
            </param>
          </params>
          <reporter-output>
          </reporter-output>
        </test-method> <!-- setUp -->
        <test-method signature="verifyLinkedin()[pri:3, instance:com.TestCase.LandingPageTestCases@1ff4931d]" started-at="2026-02-22T22:07:04 IST" name="verifyLinkedin" finished-at="2026-02-22T22:07:04 IST" duration-ms="69" status="PASS">
          <reporter-output>
          </reporter-output>
        </test-method> <!-- verifyLinkedin -->
        <test-method is-config="true" signature="tearDown()[pri:0, instance:com.TestCase.LandingPageTestCases@1ff4931d]" started-at="2026-02-22T22:07:04 IST" name="tearDown" finished-at="2026-02-22T22:07:04 IST" duration-ms="154" status="PASS">
          <reporter-output>
          </reporter-output>
        </test-method> <!-- tearDown -->
        <test-method is-config="true" signature="setUp(java.lang.String,java.lang.String)[pri:0, instance:com.TestCase.LandingPageTestCases@1ff4931d]" started-at="2026-02-22T22:07:04 IST" name="setUp" finished-at="2026-02-22T22:07:07 IST" duration-ms="2712" status="PASS">
          <params>
            <param index="0">
              <value>
                <![CDATA[chrome]]>
              </value>
            </param>
            <param index="1">
              <value>
                <![CDATA[https://javabykiran.in/other/CC/]]>
              </value>
            </param>
          </params>
          <reporter-output>
          </reporter-output>
        </test-method> <!-- setUp -->
        <test-method signature="verifyFacebook()[pri:4, instance:com.TestCase.LandingPageTestCases@1ff4931d]" started-at="2026-02-22T22:07:07 IST" name="verifyFacebook" finished-at="2026-02-22T22:07:07 IST" duration-ms="55" status="PASS">
          <reporter-output>
          </reporter-output>
        </test-method> <!-- verifyFacebook -->
        <test-method is-config="true" signature="tearDown()[pri:0, instance:com.TestCase.LandingPageTestCases@1ff4931d]" started-at="2026-02-22T22:07:07 IST" name="tearDown" finished-at="2026-02-22T22:07:07 IST" duration-ms="181" status="PASS">
          <reporter-output>
          </reporter-output>
        </test-method> <!-- tearDown -->
        <test-method is-config="true" signature="setUp(java.lang.String,java.lang.String)[pri:0, instance:com.TestCase.LandingPageTestCases@1ff4931d]" started-at="2026-02-22T22:07:07 IST" name="setUp" finished-at="2026-02-22T22:07:09 IST" duration-ms="2479" status="PASS">
          <params>
            <param index="0">
              <value>
                <![CDATA[chrome]]>
              </value>
            </param>
            <param index="1">
              <value>
                <![CDATA[https://javabykiran.in/other/CC/]]>
              </value>
            </param>
          </params>
          <reporter-output>
          </reporter-output>
        </test-method> <!-- setUp -->
        <test-method signature="verifyTwitter()[pri:5, instance:com.TestCase.LandingPageTestCases@1ff4931d]" started-at="2026-02-22T22:07:09 IST" name="verifyTwitter" finished-at="2026-02-22T22:07:09 IST" duration-ms="72" status="PASS">
          <reporter-output>
          </reporter-output>
        </test-method> <!-- verifyTwitter -->
        <test-method is-config="true" signature="tearDown()[pri:0, instance:com.TestCase.LandingPageTestCases@1ff4931d]" started-at="2026-02-22T22:07:09 IST" name="tearDown" finished-at="2026-02-22T22:07:09 IST" duration-ms="180" status="PASS">
          <reporter-output>
          </reporter-output>
        </test-method> <!-- tearDown -->
        <test-method is-config="true" signature="setUp(java.lang.String,java.lang.String)[pri:0, instance:com.TestCase.LandingPageTestCases@1ff4931d]" started-at="2026-02-22T22:07:09 IST" name="setUp" finished-at="2026-02-22T22:07:12 IST" duration-ms="2803" status="PASS">
          <params>
            <param index="0">
              <value>
                <![CDATA[chrome]]>
              </value>
            </param>
            <param index="1">
              <value>
                <![CDATA[https://javabykiran.in/other/CC/]]>
              </value>
            </param>
          </params>
          <reporter-output>
          </reporter-output>
        </test-method> <!-- setUp -->
        <test-method signature="verifyVimeo()[pri:6, instance:com.TestCase.LandingPageTestCases@1ff4931d]" started-at="2026-02-22T22:07:12 IST" name="verifyVimeo" finished-at="2026-02-22T22:07:12 IST" duration-ms="69" status="PASS">
          <reporter-output>
          </reporter-output>
        </test-method> <!-- verifyVimeo -->
        <test-method is-config="true" signature="tearDown()[pri:0, instance:com.TestCase.LandingPageTestCases@1ff4931d]" started-at="2026-02-22T22:07:12 IST" name="tearDown" finished-at="2026-02-22T22:07:13 IST" duration-ms="155" status="PASS">
          <reporter-output>
          </reporter-output>
        </test-method> <!-- tearDown -->
        <test-method is-config="true" signature="setUp(java.lang.String,java.lang.String)[pri:0, instance:com.TestCase.LandingPageTestCases@1ff4931d]" started-at="2026-02-22T22:07:13 IST" name="setUp" finished-at="2026-02-22T22:07:15 IST" duration-ms="2480" status="PASS">
          <params>
            <param index="0">
              <value>
                <![CDATA[chrome]]>
              </value>
            </param>
            <param index="1">
              <value>
                <![CDATA[https://javabykiran.in/other/CC/]]>
              </value>
            </param>
          </params>
          <reporter-output>
          </reporter-output>
        </test-method> <!-- setUp -->
        <test-method signature="verifyCubeCart()[pri:7, instance:com.TestCase.LandingPageTestCases@1ff4931d]" started-at="2026-02-22T22:07:15 IST" name="verifyCubeCart" finished-at="2026-02-22T22:07:15 IST" duration-ms="95" status="PASS">
          <reporter-output>
          </reporter-output>
        </test-method> <!-- verifyCubeCart -->
        <test-method is-config="true" signature="tearDown()[pri:0, instance:com.TestCase.LandingPageTestCases@1ff4931d]" started-at="2026-02-22T22:07:15 IST" name="tearDown" finished-at="2026-02-22T22:07:15 IST" duration-ms="172" status="PASS">
          <reporter-output>
          </reporter-output>
        </test-method> <!-- tearDown -->
        <test-method is-config="true" signature="setUp(java.lang.String,java.lang.String)[pri:0, instance:com.TestCase.LandingPageTestCases@1ff4931d]" started-at="2026-02-22T22:07:15 IST" name="setUp" finished-at="2026-02-22T22:07:18 IST" duration-ms="2713" status="PASS">
          <params>
            <param index="0">
              <value>
                <![CDATA[chrome]]>
              </value>
            </param>
            <param index="1">
              <value>
                <![CDATA[https://javabykiran.in/other/CC/]]>
              </value>
            </param>
          </params>
          <reporter-output>
          </reporter-output>
        </test-method> <!-- setUp -->
        <test-method signature="verifySmartProduct()[pri:8, instance:com.TestCase.LandingPageTestCases@1ff4931d]" started-at="2026-02-22T22:07:18 IST" name="verifySmartProduct" finished-at="2026-02-22T22:07:18 IST" duration-ms="46" status="PASS">
          <reporter-output>
          </reporter-output>
        </test-method> <!-- verifySmartProduct -->
        <test-method is-config="true" signature="tearDown()[pri:0, instance:com.TestCase.LandingPageTestCases@1ff4931d]" started-at="2026-02-22T22:07:18 IST" name="tearDown" finished-at="2026-02-22T22:07:18 IST" duration-ms="169" status="PASS">
          <reporter-output>
          </reporter-output>
        </test-method> <!-- tearDown -->
        <test-method is-config="true" signature="setUp(java.lang.String,java.lang.String)[pri:0, instance:com.TestCase.LandingPageTestCases@1ff4931d]" started-at="2026-02-22T22:07:18 IST" name="setUp" finished-at="2026-02-22T22:07:20 IST" duration-ms="2278" status="PASS">
          <params>
            <param index="0">
              <value>
                <![CDATA[chrome]]>
              </value>
            </param>
            <param index="1">
              <value>
                <![CDATA[https://javabykiran.in/other/CC/]]>
              </value>
            </param>
          </params>
          <reporter-output>
          </reporter-output>
        </test-method> <!-- setUp -->
        <test-method signature="verifySaleItem()[pri:9, instance:com.TestCase.LandingPageTestCases@1ff4931d]" started-at="2026-02-22T22:07:20 IST" name="verifySaleItem" finished-at="2026-02-22T22:07:21 IST" duration-ms="67" status="PASS">
          <reporter-output>
          </reporter-output>
        </test-method> <!-- verifySaleItem -->
        <test-method is-config="true" signature="tearDown()[pri:0, instance:com.TestCase.LandingPageTestCases@1ff4931d]" started-at="2026-02-22T22:07:21 IST" name="tearDown" finished-at="2026-02-22T22:07:21 IST" duration-ms="151" status="PASS">
          <reporter-output>
          </reporter-output>
        </test-method> <!-- tearDown -->
        <test-method is-config="true" signature="setUp(java.lang.String,java.lang.String)[pri:0, instance:com.TestCase.LandingPageTestCases@1ff4931d]" started-at="2026-02-22T22:07:21 IST" name="setUp" finished-at="2026-02-22T22:07:23 IST" duration-ms="2430" status="PASS">
          <params>
            <param index="0">
              <value>
                <![CDATA[chrome]]>
              </value>
            </param>
            <param index="1">
              <value>
                <![CDATA[https://javabykiran.in/other/CC/]]>
              </value>
            </param>
          </params>
          <reporter-output>
          </reporter-output>
        </test-method> <!-- setUp -->
        <test-method signature="verifyBasket()[pri:10, instance:com.TestCase.LandingPageTestCases@1ff4931d]" started-at="2026-02-22T22:07:23 IST" name="verifyBasket" finished-at="2026-02-22T22:07:23 IST" duration-ms="50" status="PASS">
          <reporter-output>
          </reporter-output>
        </test-method> <!-- verifyBasket -->
        <test-method is-config="true" signature="tearDown()[pri:0, instance:com.TestCase.LandingPageTestCases@1ff4931d]" started-at="2026-02-22T22:07:23 IST" name="tearDown" finished-at="2026-02-22T22:07:23 IST" duration-ms="163" status="PASS">
          <reporter-output>
          </reporter-output>
        </test-method> <!-- tearDown -->
      </class> <!-- com.TestCase.LandingPageTestCases -->
    </test> <!-- Search Functionality Test -->
  </suite> <!-- JBK Project Suite -->
</testng-results>
