<?xml version="1.0" encoding="UTF-8"?>
<testng-results ignored="0" total="13" passed="9" failed="4" skipped="0">
  <reporter-output>
  </reporter-output>
  <suite started-at="2026-02-22T15:45:01 IST" name="JBK Project Suite" finished-at="2026-02-22T15:47:01 IST" duration-ms="119821">
    <groups>
    </groups>
    <test started-at="2026-02-22T15:45:01 IST" name="Search Functionality Test" finished-at="2026-02-22T15:47:01 IST" duration-ms="119821">
      <class name="com.TestCase.RegisterPageTestCases">
        <test-method is-config="true" signature="setUp(java.lang.String,java.lang.String)[pri:0, instance:com.TestCase.RegisterPageTestCases@49438269]" started-at="2026-02-22T15:45:01 IST" name="setUp" finished-at="2026-02-22T15:45:24 IST" duration-ms="22697" status="PASS">
          <params>
            <param index="0">
              <value>
                <![CDATA[chrome]]>
              </value>
            </param>
            <param index="1">
              <value>
                <![CDATA[https://javabykiran.in/other/CC/]]>
              </value>
            </param>
          </params>
          <reporter-output>
          </reporter-output>
        </test-method> <!-- setUp -->
        <test-method is-config="true" signature="openRegisterPage()[pri:0, instance:com.TestCase.RegisterPageTestCases@49438269]" started-at="2026-02-22T15:45:24 IST" name="openRegisterPage" finished-at="2026-02-22T15:45:24 IST" duration-ms="280" status="PASS">
          <reporter-output>
          </reporter-output>
        </test-method> <!-- openRegisterPage -->
        <test-method signature="testRegister(java.lang.String,java.lang.String,java.lang.String,java.lang.String,long,long,java.lang.String,java.lang.String)[pri:0, instance:com.TestCase.RegisterPageTestCases@49438269]" started-at="2026-02-22T15:45:24 IST" name="testRegister" data-provider="register_data" finished-at="2026-02-22T15:45:26 IST" duration-ms="1236" status="PASS">
          <params>
            <param index="0">
              <value>
                <![CDATA[Account]]>
              </value>
            </param>
            <param index="1">
              <value>
                <![CDATA[Pradeep]]>
              </value>
            </param>
            <param index="2">
              <value>
                <![CDATA[Taware]]>
              </value>
            </param>
            <param index="3">
              <value>
                <![CDATA[pradeep@gmail.com]]>
              </value>
            </param>
            <param index="4">
              <value>
                <![CDATA[8421077165]]>
              </value>
            </param>
            <param index="5">
              <value>
                <![CDATA[9876543210]]>
              </value>
            </param>
            <param index="6">
              <value>
                <![CDATA[Test@123]]>
              </value>
            </param>
            <param index="7">
              <value>
                <![CDATA[1]]>
              </value>
            </param>
          </params>
          <reporter-output>
          </reporter-output>
        </test-method> <!-- testRegister -->
        <test-method is-config="true" signature="tearDown()[pri:0, instance:com.TestCase.RegisterPageTestCases@49438269]" started-at="2026-02-22T15:45:26 IST" name="tearDown" finished-at="2026-02-22T15:45:26 IST" duration-ms="149" status="PASS">
          <reporter-output>
          </reporter-output>
        </test-method> <!-- tearDown -->
        <test-method is-config="true" signature="setUp(java.lang.String,java.lang.String)[pri:0, instance:com.TestCase.RegisterPageTestCases@49438269]" started-at="2026-02-22T15:45:26 IST" name="setUp" finished-at="2026-02-22T15:45:37 IST" duration-ms="11425" status="PASS">
          <params>
            <param index="0">
              <value>
                <![CDATA[chrome]]>
              </value>
            </param>
            <param index="1">
              <value>
                <![CDATA[https://javabykiran.in/other/CC/]]>
              </value>
            </param>
          </params>
          <reporter-output>
          </reporter-output>
        </test-method> <!-- setUp -->
        <test-method is-config="true" signature="openRegisterPage()[pri:0, instance:com.TestCase.RegisterPageTestCases@49438269]" started-at="2026-02-22T15:45:37 IST" name="openRegisterPage" finished-at="2026-02-22T15:45:38 IST" duration-ms="1226" status="PASS">
          <reporter-output>
          </reporter-output>
        </test-method> <!-- openRegisterPage -->
        <test-method signature="testRegister(java.lang.String,java.lang.String,java.lang.String,java.lang.String,long,long,java.lang.String,java.lang.String)[pri:0, instance:com.TestCase.RegisterPageTestCases@49438269]" started-at="2026-02-22T15:45:38 IST" name="testRegister" data-provider="register_data" finished-at="2026-02-22T15:45:39 IST" duration-ms="778" status="PASS">
          <params>
            <param index="0">
              <value>
                <![CDATA[Account]]>
              </value>
            </param>
            <param index="1">
              <value>
                <![CDATA[Ashitosh]]>
              </value>
            </param>
            <param index="2">
              <value>
                <![CDATA[Patil]]>
              </value>
            </param>
            <param index="3">
              <value>
                <![CDATA[ashugmail.com]]>
              </value>
            </param>
            <param index="4">
              <value>
                <![CDATA[8421077165]]>
              </value>
            </param>
            <param index="5">
              <value>
                <![CDATA[9876543210]]>
              </value>
            </param>
            <param index="6">
              <value>
                <![CDATA[Test@123]]>
              </value>
            </param>
            <param index="7">
              <value>
                <![CDATA[2]]>
              </value>
            </param>
          </params>
          <reporter-output>
          </reporter-output>
        </test-method> <!-- testRegister -->
        <test-method is-config="true" signature="tearDown()[pri:0, instance:com.TestCase.RegisterPageTestCases@49438269]" started-at="2026-02-22T15:45:39 IST" name="tearDown" finished-at="2026-02-22T15:45:39 IST" duration-ms="114" status="PASS">
          <reporter-output>
          </reporter-output>
        </test-method> <!-- tearDown -->
        <test-method is-config="true" signature="setUp(java.lang.String,java.lang.String)[pri:0, instance:com.TestCase.RegisterPageTestCases@49438269]" started-at="2026-02-22T15:45:39 IST" name="setUp" finished-at="2026-02-22T15:46:19 IST" duration-ms="39998" status="PASS">
          <params>
            <param index="0">
              <value>
                <![CDATA[chrome]]>
              </value>
            </param>
            <param index="1">
              <value>
                <![CDATA[https://javabykiran.in/other/CC/]]>
              </value>
            </param>
          </params>
          <reporter-output>
          </reporter-output>
        </test-method> <!-- setUp -->
        <test-method is-config="true" signature="openRegisterPage()[pri:0, instance:com.TestCase.RegisterPageTestCases@49438269]" started-at="2026-02-22T15:46:19 IST" name="openRegisterPage" finished-at="2026-02-22T15:46:20 IST" duration-ms="751" status="PASS">
          <reporter-output>
          </reporter-output>
        </test-method> <!-- openRegisterPage -->
        <test-method signature="testRegister(java.lang.String,java.lang.String,java.lang.String,java.lang.String,long,long,java.lang.String,java.lang.String)[pri:0, instance:com.TestCase.RegisterPageTestCases@49438269]" started-at="2026-02-22T15:46:20 IST" name="testRegister" data-provider="register_data" finished-at="2026-02-22T15:46:20 IST" duration-ms="244" status="FAIL">
          <params>
            <param index="0">
              <value>
                <![CDATA[Account]]>
              </value>
            </param>
            <param index="1">
              <value>
                <![CDATA[Amit]]>
              </value>
            </param>
            <param index="2">
              <value>
                <![CDATA[wagh]]>
              </value>
            </param>
            <param index="3">
              <value>
                <![CDATA[amit@gmail.com]]>
              </value>
            </param>
            <param index="4">
              <value>
                <![CDATA[84210771]]>
              </value>
            </param>
            <param index="5">
              <value>
                <![CDATA[9876543210]]>
              </value>
            </param>
            <param index="6">
              <value>
                <![CDATA[Test@123]]>
              </value>
            </param>
            <param index="7">
              <value>
                <![CDATA[3]]>
              </value>
            </param>
          </params>
          <exception class="java.lang.IllegalArgumentException">
            <message>
              <![CDATA[Phone number must be exactly 10 digits]]>
            </message>
            <full-stacktrace>
              <![CDATA[java.lang.IllegalArgumentException: Phone number must be exactly 10 digits
at com.JBK.project_Pages.RegisterPage.phone(RegisterPage.java:123)
at com.TestCase.RegisterPageTestCases.testRegister(RegisterPageTestCases.java:26)
at java.base/jdk.internal.reflect.DirectMethodHandleAccessor.invoke(DirectMethodHandleAccessor.java:103)
at java.base/java.lang.reflect.Method.invoke(Method.java:580)
at org.testng.internal.invokers.MethodInvocationHelper.invokeMethod(MethodInvocationHelper.java:141)
at org.testng.internal.invokers.TestInvoker.invokeMethod(TestInvoker.java:687)
at org.testng.internal.invokers.TestInvoker.invokeTestMethod(TestInvoker.java:230)
at org.testng.internal.invokers.MethodRunner.runInSequence(MethodRunner.java:63)
at org.testng.internal.invokers.TestInvoker$MethodInvocationAgent.invoke(TestInvoker.java:995)
at org.testng.internal.invokers.TestInvoker.invokeTestMethods(TestInvoker.java:203)
at org.testng.internal.invokers.TestMethodWorker.invokeTestMethods(TestMethodWorker.java:154)
at org.testng.internal.invokers.TestMethodWorker.run(TestMethodWorker.java:134)
at java.base/java.util.ArrayList.forEach(ArrayList.java:1597)
at org.testng.TestRunner.privateRun(TestRunner.java:741)
at org.testng.TestRunner.run(TestRunner.java:616)
at org.testng.SuiteRunner.runTest(SuiteRunner.java:421)
at org.testng.SuiteRunner.runSequentially(SuiteRunner.java:413)
at org.testng.SuiteRunner.privateRun(SuiteRunner.java:373)
at org.testng.SuiteRunner.run(SuiteRunner.java:312)
at org.testng.SuiteRunnerWorker.runSuite(SuiteRunnerWorker.java:52)
at org.testng.SuiteRunnerWorker.run(SuiteRunnerWorker.java:95)
at org.testng.TestNG.runSuitesSequentially(TestNG.java:1274)
at org.testng.TestNG.runSuitesLocally(TestNG.java:1208)
at org.testng.TestNG.runSuites(TestNG.java:1112)
at org.testng.TestNG.run(TestNG.java:1079)
at org.testng.remote.AbstractRemoteTestNG.run(AbstractRemoteTestNG.java:115)
at org.testng.remote.RemoteTestNG.initAndRun(RemoteTestNG.java:293)
at org.testng.remote.RemoteTestNG.main(RemoteTestNG.java:91)
]]>
            </full-stacktrace>
          </exception> <!-- java.lang.IllegalArgumentException -->
          <reporter-output>
          </reporter-output>
        </test-method> <!-- testRegister -->
        <test-method is-config="true" signature="tearDown()[pri:0, instance:com.TestCase.RegisterPageTestCases@49438269]" started-at="2026-02-22T15:46:20 IST" name="tearDown" finished-at="2026-02-22T15:46:21 IST" duration-ms="111" status="PASS">
          <reporter-output>
          </reporter-output>
        </test-method> <!-- tearDown -->
        <test-method is-config="true" signature="setUp(java.lang.String,java.lang.String)[pri:0, instance:com.TestCase.RegisterPageTestCases@49438269]" started-at="2026-02-22T15:46:21 IST" name="setUp" finished-at="2026-02-22T15:46:22 IST" duration-ms="1644" status="PASS">
          <params>
            <param index="0">
              <value>
                <![CDATA[chrome]]>
              </value>
            </param>
            <param index="1">
              <value>
                <![CDATA[https://javabykiran.in/other/CC/]]>
              </value>
            </param>
          </params>
          <reporter-output>
          </reporter-output>
        </test-method> <!-- setUp -->
        <test-method is-config="true" signature="openRegisterPage()[pri:0, instance:com.TestCase.RegisterPageTestCases@49438269]" started-at="2026-02-22T15:46:22 IST" name="openRegisterPage" finished-at="2026-02-22T15:46:22 IST" duration-ms="231" status="PASS">
          <reporter-output>
          </reporter-output>
        </test-method> <!-- openRegisterPage -->
        <test-method signature="testRegister(java.lang.String,java.lang.String,java.lang.String,java.lang.String,long,long,java.lang.String,java.lang.String)[pri:0, instance:com.TestCase.RegisterPageTestCases@49438269]" started-at="2026-02-22T15:46:22 IST" name="testRegister" data-provider="register_data" finished-at="2026-02-22T15:46:23 IST" duration-ms="341" status="FAIL">
          <params>
            <param index="0">
              <value>
                <![CDATA[Account]]>
              </value>
            </param>
            <param index="1">
              <value>
                <![CDATA[Sumit]]>
              </value>
            </param>
            <param index="2">
              <value>
                <![CDATA[Thakre]]>
              </value>
            </param>
            <param index="3">
              <value>
                <![CDATA[sumit@gmail.com]]>
              </value>
            </param>
            <param index="4">
              <value>
                <![CDATA[8421077165]]>
              </value>
            </param>
            <param index="5">
              <value>
                <![CDATA[98765432101]]>
              </value>
            </param>
            <param index="6">
              <value>
                <![CDATA[Test@123]]>
              </value>
            </param>
            <param index="7">
              <value>
                <![CDATA[4]]>
              </value>
            </param>
          </params>
          <exception class="java.lang.IllegalArgumentException">
            <message>
              <![CDATA[Mobile number must be exactly 10 digits]]>
            </message>
            <full-stacktrace>
              <![CDATA[java.lang.IllegalArgumentException: Mobile number must be exactly 10 digits
at com.JBK.project_Pages.RegisterPage.mobile(RegisterPage.java:135)
at com.TestCase.RegisterPageTestCases.testRegister(RegisterPageTestCases.java:27)
at java.base/jdk.internal.reflect.DirectMethodHandleAccessor.invoke(DirectMethodHandleAccessor.java:103)
at java.base/java.lang.reflect.Method.invoke(Method.java:580)
at org.testng.internal.invokers.MethodInvocationHelper.invokeMethod(MethodInvocationHelper.java:141)
at org.testng.internal.invokers.TestInvoker.invokeMethod(TestInvoker.java:687)
at org.testng.internal.invokers.TestInvoker.invokeTestMethod(TestInvoker.java:230)
at org.testng.internal.invokers.MethodRunner.runInSequence(MethodRunner.java:63)
at org.testng.internal.invokers.TestInvoker$MethodInvocationAgent.invoke(TestInvoker.java:995)
at org.testng.internal.invokers.TestInvoker.invokeTestMethods(TestInvoker.java:203)
at org.testng.internal.invokers.TestMethodWorker.invokeTestMethods(TestMethodWorker.java:154)
at org.testng.internal.invokers.TestMethodWorker.run(TestMethodWorker.java:134)
at java.base/java.util.ArrayList.forEach(ArrayList.java:1597)
at org.testng.TestRunner.privateRun(TestRunner.java:741)
at org.testng.TestRunner.run(TestRunner.java:616)
at org.testng.SuiteRunner.runTest(SuiteRunner.java:421)
at org.testng.SuiteRunner.runSequentially(SuiteRunner.java:413)
at org.testng.SuiteRunner.privateRun(SuiteRunner.java:373)
at org.testng.SuiteRunner.run(SuiteRunner.java:312)
at org.testng.SuiteRunnerWorker.runSuite(SuiteRunnerWorker.java:52)
at org.testng.SuiteRunnerWorker.run(SuiteRunnerWorker.java:95)
at org.testng.TestNG.runSuitesSequentially(TestNG.java:1274)
at org.testng.TestNG.runSuitesLocally(TestNG.java:1208)
at org.testng.TestNG.runSuites(TestNG.java:1112)
at org.testng.TestNG.run(TestNG.java:1079)
at org.testng.remote.AbstractRemoteTestNG.run(AbstractRemoteTestNG.java:115)
at org.testng.remote.RemoteTestNG.initAndRun(RemoteTestNG.java:293)
at org.testng.remote.RemoteTestNG.main(RemoteTestNG.java:91)
]]>
            </full-stacktrace>
          </exception> <!-- java.lang.IllegalArgumentException -->
          <reporter-output>
          </reporter-output>
        </test-method> <!-- testRegister -->
        <test-method is-config="true" signature="tearDown()[pri:0, instance:com.TestCase.RegisterPageTestCases@49438269]" started-at="2026-02-22T15:46:23 IST" name="tearDown" finished-at="2026-02-22T15:46:23 IST" duration-ms="134" status="PASS">
          <reporter-output>
          </reporter-output>
        </test-method> <!-- tearDown -->
        <test-method is-config="true" signature="setUp(java.lang.String,java.lang.String)[pri:0, instance:com.TestCase.RegisterPageTestCases@49438269]" started-at="2026-02-22T15:46:23 IST" name="setUp" finished-at="2026-02-22T15:46:24 IST" duration-ms="1386" status="PASS">
          <params>
            <param index="0">
              <value>
                <![CDATA[chrome]]>
              </value>
            </param>
            <param index="1">
              <value>
                <![CDATA[https://javabykiran.in/other/CC/]]>
              </value>
            </param>
          </params>
          <reporter-output>
          </reporter-output>
        </test-method> <!-- setUp -->
        <test-method is-config="true" signature="openRegisterPage()[pri:0, instance:com.TestCase.RegisterPageTestCases@49438269]" started-at="2026-02-22T15:46:24 IST" name="openRegisterPage" finished-at="2026-02-22T15:46:25 IST" duration-ms="244" status="PASS">
          <reporter-output>
          </reporter-output>
        </test-method> <!-- openRegisterPage -->
        <test-method signature="testRegister(java.lang.String,java.lang.String,java.lang.String,java.lang.String,long,long,java.lang.String,java.lang.String)[pri:0, instance:com.TestCase.RegisterPageTestCases@49438269]" started-at="2026-02-22T15:46:25 IST" name="testRegister" data-provider="register_data" finished-at="2026-02-22T15:46:26 IST" duration-ms="836" status="PASS">
          <params>
            <param index="0">
              <value>
                <![CDATA[Account]]>
              </value>
            </param>
            <param index="1">
              <value>
                <![CDATA[]]>
              </value>
            </param>
            <param index="2">
              <value>
                <![CDATA[nale]]>
              </value>
            </param>
            <param index="3">
              <value>
                <![CDATA[nale@gmail.com]]>
              </value>
            </param>
            <param index="4">
              <value>
                <![CDATA[8421077165]]>
              </value>
            </param>
            <param index="5">
              <value>
                <![CDATA[9876543210]]>
              </value>
            </param>
            <param index="6">
              <value>
                <![CDATA[Test@123]]>
              </value>
            </param>
            <param index="7">
              <value>
                <![CDATA[5]]>
              </value>
            </param>
          </params>
          <reporter-output>
          </reporter-output>
        </test-method> <!-- testRegister -->
        <test-method is-config="true" signature="tearDown()[pri:0, instance:com.TestCase.RegisterPageTestCases@49438269]" started-at="2026-02-22T15:46:26 IST" name="tearDown" finished-at="2026-02-22T15:46:26 IST" duration-ms="130" status="PASS">
          <reporter-output>
          </reporter-output>
        </test-method> <!-- tearDown -->
        <test-method is-config="true" signature="setUp(java.lang.String,java.lang.String)[pri:0, instance:com.TestCase.RegisterPageTestCases@49438269]" started-at="2026-02-22T15:46:26 IST" name="setUp" finished-at="2026-02-22T15:46:29 IST" duration-ms="3304" status="PASS">
          <params>
            <param index="0">
              <value>
                <![CDATA[chrome]]>
              </value>
            </param>
            <param index="1">
              <value>
                <![CDATA[https://javabykiran.in/other/CC/]]>
              </value>
            </param>
          </params>
          <reporter-output>
          </reporter-output>
        </test-method> <!-- setUp -->
        <test-method is-config="true" signature="openRegisterPage()[pri:0, instance:com.TestCase.RegisterPageTestCases@49438269]" started-at="2026-02-22T15:46:29 IST" name="openRegisterPage" finished-at="2026-02-22T15:46:29 IST" duration-ms="228" status="PASS">
          <reporter-output>
          </reporter-output>
        </test-method> <!-- openRegisterPage -->
        <test-method signature="testRegister(java.lang.String,java.lang.String,java.lang.String,java.lang.String,long,long,java.lang.String,java.lang.String)[pri:0, instance:com.TestCase.RegisterPageTestCases@49438269]" started-at="2026-02-22T15:46:29 IST" name="testRegister" data-provider="register_data" finished-at="2026-02-22T15:46:30 IST" duration-ms="761" status="PASS">
          <params>
            <param index="0">
              <value>
                <![CDATA[Account]]>
              </value>
            </param>
            <param index="1">
              <value>
                <![CDATA[prathemesh]]>
              </value>
            </param>
            <param index="2">
              <value>
                <![CDATA[More]]>
              </value>
            </param>
            <param index="3">
              <value>
                <![CDATA[pathu@gmail.com]]>
              </value>
            </param>
            <param index="4">
              <value>
                <![CDATA[8421077165]]>
              </value>
            </param>
            <param index="5">
              <value>
                <![CDATA[9876543210]]>
              </value>
            </param>
            <param index="6">
              <value>
                <![CDATA[12345]]>
              </value>
            </param>
            <param index="7">
              <value>
                <![CDATA[6]]>
              </value>
            </param>
          </params>
          <reporter-output>
          </reporter-output>
        </test-method> <!-- testRegister -->
        <test-method is-config="true" signature="tearDown()[pri:0, instance:com.TestCase.RegisterPageTestCases@49438269]" started-at="2026-02-22T15:46:30 IST" name="tearDown" finished-at="2026-02-22T15:46:30 IST" duration-ms="135" status="PASS">
          <reporter-output>
          </reporter-output>
        </test-method> <!-- tearDown -->
        <test-method is-config="true" signature="setUp(java.lang.String,java.lang.String)[pri:0, instance:com.TestCase.RegisterPageTestCases@49438269]" started-at="2026-02-22T15:46:30 IST" name="setUp" finished-at="2026-02-22T15:46:32 IST" duration-ms="1490" status="PASS">
          <params>
            <param index="0">
              <value>
                <![CDATA[chrome]]>
              </value>
            </param>
            <param index="1">
              <value>
                <![CDATA[https://javabykiran.in/other/CC/]]>
              </value>
            </param>
          </params>
          <reporter-output>
          </reporter-output>
        </test-method> <!-- setUp -->
        <test-method is-config="true" signature="openRegisterPage()[pri:0, instance:com.TestCase.RegisterPageTestCases@49438269]" started-at="2026-02-22T15:46:32 IST" name="openRegisterPage" finished-at="2026-02-22T15:46:32 IST" duration-ms="283" status="PASS">
          <reporter-output>
          </reporter-output>
        </test-method> <!-- openRegisterPage -->
        <test-method signature="verifyRegisterButton()[pri:1, instance:com.TestCase.RegisterPageTestCases@49438269]" started-at="2026-02-22T15:46:32 IST" name="verifyRegisterButton" finished-at="2026-02-22T15:46:32 IST" duration-ms="27" status="PASS">
          <reporter-output>
          </reporter-output>
        </test-method> <!-- verifyRegisterButton -->
        <test-method is-config="true" signature="tearDown()[pri:0, instance:com.TestCase.RegisterPageTestCases@49438269]" started-at="2026-02-22T15:46:32 IST" name="tearDown" finished-at="2026-02-22T15:46:32 IST" duration-ms="125" status="PASS">
          <reporter-output>
          </reporter-output>
        </test-method> <!-- tearDown -->
        <test-method is-config="true" signature="setUp(java.lang.String,java.lang.String)[pri:0, instance:com.TestCase.RegisterPageTestCases@49438269]" started-at="2026-02-22T15:46:32 IST" name="setUp" finished-at="2026-02-22T15:46:34 IST" duration-ms="1588" status="PASS">
          <params>
            <param index="0">
              <value>
                <![CDATA[chrome]]>
              </value>
            </param>
            <param index="1">
              <value>
                <![CDATA[https://javabykiran.in/other/CC/]]>
              </value>
            </param>
          </params>
          <reporter-output>
          </reporter-output>
        </test-method> <!-- setUp -->
        <test-method is-config="true" signature="openRegisterPage()[pri:0, instance:com.TestCase.RegisterPageTestCases@49438269]" started-at="2026-02-22T15:46:34 IST" name="openRegisterPage" finished-at="2026-02-22T15:46:34 IST" duration-ms="254" status="PASS">
          <reporter-output>
          </reporter-output>
        </test-method> <!-- openRegisterPage -->
        <test-method signature="verifyResetButton()[pri:2, instance:com.TestCase.RegisterPageTestCases@49438269]" started-at="2026-02-22T15:46:34 IST" name="verifyResetButton" finished-at="2026-02-22T15:46:34 IST" duration-ms="23" status="PASS">
          <reporter-output>
          </reporter-output>
        </test-method> <!-- verifyResetButton -->
        <test-method is-config="true" signature="tearDown()[pri:0, instance:com.TestCase.RegisterPageTestCases@49438269]" started-at="2026-02-22T15:46:34 IST" name="tearDown" finished-at="2026-02-22T15:46:34 IST" duration-ms="110" status="PASS">
          <reporter-output>
          </reporter-output>
        </test-method> <!-- tearDown -->
        <test-method is-config="true" signature="setUp(java.lang.String,java.lang.String)[pri:0, instance:com.TestCase.RegisterPageTestCases@49438269]" started-at="2026-02-22T15:46:34 IST" name="setUp" finished-at="2026-02-22T15:46:35 IST" duration-ms="1390" status="PASS">
          <params>
            <param index="0">
              <value>
                <![CDATA[chrome]]>
              </value>
            </param>
            <param index="1">
              <value>
                <![CDATA[https://javabykiran.in/other/CC/]]>
              </value>
            </param>
          </params>
          <reporter-output>
          </reporter-output>
        </test-method> <!-- setUp -->
        <test-method is-config="true" signature="openRegisterPage()[pri:0, instance:com.TestCase.RegisterPageTestCases@49438269]" started-at="2026-02-22T15:46:35 IST" name="openRegisterPage" finished-at="2026-02-22T15:46:36 IST" duration-ms="270" status="PASS">
          <reporter-output>
          </reporter-output>
        </test-method> <!-- openRegisterPage -->
        <test-method signature="verifyLoginHereLink()[pri:3, instance:com.TestCase.RegisterPageTestCases@49438269]" started-at="2026-02-22T15:46:36 IST" name="verifyLoginHereLink" finished-at="2026-02-22T15:46:36 IST" duration-ms="34" status="PASS">
          <reporter-output>
          </reporter-output>
        </test-method> <!-- verifyLoginHereLink -->
        <test-method is-config="true" signature="tearDown()[pri:0, instance:com.TestCase.RegisterPageTestCases@49438269]" started-at="2026-02-22T15:46:36 IST" name="tearDown" finished-at="2026-02-22T15:46:36 IST" duration-ms="111" status="PASS">
          <reporter-output>
          </reporter-output>
        </test-method> <!-- tearDown -->
        <test-method is-config="true" signature="setUp(java.lang.String,java.lang.String)[pri:0, instance:com.TestCase.RegisterPageTestCases@49438269]" started-at="2026-02-22T15:46:36 IST" name="setUp" finished-at="2026-02-22T15:46:37 IST" duration-ms="1504" status="PASS">
          <params>
            <param index="0">
              <value>
                <![CDATA[chrome]]>
              </value>
            </param>
            <param index="1">
              <value>
                <![CDATA[https://javabykiran.in/other/CC/]]>
              </value>
            </param>
          </params>
          <reporter-output>
          </reporter-output>
        </test-method> <!-- setUp -->
        <test-method is-config="true" signature="openRegisterPage()[pri:0, instance:com.TestCase.RegisterPageTestCases@49438269]" started-at="2026-02-22T15:46:37 IST" name="openRegisterPage" finished-at="2026-02-22T15:46:38 IST" duration-ms="299" status="PASS">
          <reporter-output>
          </reporter-output>
        </test-method> <!-- openRegisterPage -->
        <test-method signature="verifyCheckboxes()[pri:4, instance:com.TestCase.RegisterPageTestCases@49438269]" started-at="2026-02-22T15:46:38 IST" name="verifyCheckboxes" finished-at="2026-02-22T15:46:38 IST" duration-ms="32" status="FAIL">
          <exception class="java.lang.AssertionError">
            <message>
              <![CDATA[Terms checkbox 1 Is already Selected expected [true] but found [false]]]>
            </message>
            <full-stacktrace>
              <![CDATA[java.lang.AssertionError: Terms checkbox 1 Is already Selected expected [true] but found [false]
at org.testng.Assert.fail(Assert.java:111)
at org.testng.Assert.failNotEquals(Assert.java:1590)
at org.testng.Assert.assertTrue(Assert.java:57)
at com.TestCase.RegisterPageTestCases.verifyCheckboxes(RegisterPageTestCases.java:118)
at java.base/jdk.internal.reflect.DirectMethodHandleAccessor.invoke(DirectMethodHandleAccessor.java:103)
at java.base/java.lang.reflect.Method.invoke(Method.java:580)
at org.testng.internal.invokers.MethodInvocationHelper.invokeMethod(MethodInvocationHelper.java:141)
at org.testng.internal.invokers.TestInvoker.invokeMethod(TestInvoker.java:687)
at org.testng.internal.invokers.TestInvoker.invokeTestMethod(TestInvoker.java:230)
at org.testng.internal.invokers.MethodRunner.runInSequence(MethodRunner.java:63)
at org.testng.internal.invokers.TestInvoker$MethodInvocationAgent.invoke(TestInvoker.java:995)
at org.testng.internal.invokers.TestInvoker.invokeTestMethods(TestInvoker.java:203)
at org.testng.internal.invokers.TestMethodWorker.invokeTestMethods(TestMethodWorker.java:154)
at org.testng.internal.invokers.TestMethodWorker.run(TestMethodWorker.java:134)
at java.base/java.util.ArrayList.forEach(ArrayList.java:1597)
at org.testng.TestRunner.privateRun(TestRunner.java:741)
at org.testng.TestRunner.run(TestRunner.java:616)
at org.testng.SuiteRunner.runTest(SuiteRunner.java:421)
at org.testng.SuiteRunner.runSequentially(SuiteRunner.java:413)
at org.testng.SuiteRunner.privateRun(SuiteRunner.java:373)
at org.testng.SuiteRunner.run(SuiteRunner.java:312)
at org.testng.SuiteRunnerWorker.runSuite(SuiteRunnerWorker.java:52)
at org.testng.SuiteRunnerWorker.run(SuiteRunnerWorker.java:95)
at org.testng.TestNG.runSuitesSequentially(TestNG.java:1274)
at org.testng.TestNG.runSuitesLocally(TestNG.java:1208)
at org.testng.TestNG.runSuites(TestNG.java:1112)
at org.testng.TestNG.run(TestNG.java:1079)
at org.testng.remote.AbstractRemoteTestNG.run(AbstractRemoteTestNG.java:115)
at org.testng.remote.RemoteTestNG.initAndRun(RemoteTestNG.java:293)
at org.testng.remote.RemoteTestNG.main(RemoteTestNG.java:91)
]]>
            </full-stacktrace>
          </exception> <!-- java.lang.AssertionError -->
          <reporter-output>
          </reporter-output>
        </test-method> <!-- verifyCheckboxes -->
        <test-method is-config="true" signature="tearDown()[pri:0, instance:com.TestCase.RegisterPageTestCases@49438269]" started-at="2026-02-22T15:46:38 IST" name="tearDown" finished-at="2026-02-22T15:46:38 IST" duration-ms="134" status="PASS">
          <reporter-output>
          </reporter-output>
        </test-method> <!-- tearDown -->
        <test-method is-config="true" signature="setUp(java.lang.String,java.lang.String)[pri:0, instance:com.TestCase.RegisterPageTestCases@49438269]" started-at="2026-02-22T15:46:38 IST" name="setUp" finished-at="2026-02-22T15:46:39 IST" duration-ms="1491" status="PASS">
          <params>
            <param index="0">
              <value>
                <![CDATA[chrome]]>
              </value>
            </param>
            <param index="1">
              <value>
                <![CDATA[https://javabykiran.in/other/CC/]]>
              </value>
            </param>
          </params>
          <reporter-output>
          </reporter-output>
        </test-method> <!-- setUp -->
        <test-method is-config="true" signature="openRegisterPage()[pri:0, instance:com.TestCase.RegisterPageTestCases@49438269]" started-at="2026-02-22T15:46:39 IST" name="openRegisterPage" finished-at="2026-02-22T15:46:40 IST" duration-ms="317" status="PASS">
          <reporter-output>
          </reporter-output>
        </test-method> <!-- openRegisterPage -->
        <test-method signature="verifyHomeElement()[pri:5, instance:com.TestCase.RegisterPageTestCases@49438269]" started-at="2026-02-22T15:46:40 IST" name="verifyHomeElement" finished-at="2026-02-22T15:46:40 IST" duration-ms="31" status="PASS">
          <reporter-output>
          </reporter-output>
        </test-method> <!-- verifyHomeElement -->
        <test-method is-config="true" signature="tearDown()[pri:0, instance:com.TestCase.RegisterPageTestCases@49438269]" started-at="2026-02-22T15:46:40 IST" name="tearDown" finished-at="2026-02-22T15:46:40 IST" duration-ms="114" status="PASS">
          <reporter-output>
          </reporter-output>
        </test-method> <!-- tearDown -->
        <test-method is-config="true" signature="setUp(java.lang.String,java.lang.String)[pri:0, instance:com.TestCase.RegisterPageTestCases@49438269]" started-at="2026-02-22T15:46:40 IST" name="setUp" finished-at="2026-02-22T15:46:41 IST" duration-ms="1504" status="PASS">
          <params>
            <param index="0">
              <value>
                <![CDATA[chrome]]>
              </value>
            </param>
            <param index="1">
              <value>
                <![CDATA[https://javabykiran.in/other/CC/]]>
              </value>
            </param>
          </params>
          <reporter-output>
          </reporter-output>
        </test-method> <!-- setUp -->
        <test-method is-config="true" signature="openRegisterPage()[pri:0, instance:com.TestCase.RegisterPageTestCases@49438269]" started-at="2026-02-22T15:46:41 IST" name="openRegisterPage" finished-at="2026-02-22T15:46:42 IST" duration-ms="336" status="PASS">
          <reporter-output>
          </reporter-output>
        </test-method> <!-- openRegisterPage -->
        <test-method signature="verifyRegisterElement()[pri:5, instance:com.TestCase.RegisterPageTestCases@49438269]" started-at="2026-02-22T15:46:42 IST" name="verifyRegisterElement" finished-at="2026-02-22T15:46:42 IST" duration-ms="31" status="PASS">
          <reporter-output>
          </reporter-output>
        </test-method> <!-- verifyRegisterElement -->
        <test-method is-config="true" signature="tearDown()[pri:0, instance:com.TestCase.RegisterPageTestCases@49438269]" started-at="2026-02-22T15:46:42 IST" name="tearDown" finished-at="2026-02-22T15:46:42 IST" duration-ms="114" status="PASS">
          <reporter-output>
          </reporter-output>
        </test-method> <!-- tearDown -->
        <test-method is-config="true" signature="setUp(java.lang.String,java.lang.String)[pri:0, instance:com.TestCase.RegisterPageTestCases@49438269]" started-at="2026-02-22T15:46:42 IST" name="setUp" finished-at="2026-02-22T15:46:56 IST" duration-ms="13822" status="PASS">
          <params>
            <param index="0">
              <value>
                <![CDATA[chrome]]>
              </value>
            </param>
            <param index="1">
              <value>
                <![CDATA[https://javabykiran.in/other/CC/]]>
              </value>
            </param>
          </params>
          <reporter-output>
          </reporter-output>
        </test-method> <!-- setUp -->
        <test-method is-config="true" signature="openRegisterPage()[pri:0, instance:com.TestCase.RegisterPageTestCases@49438269]" started-at="2026-02-22T15:46:56 IST" name="openRegisterPage" finished-at="2026-02-22T15:46:56 IST" duration-ms="357" status="PASS">
          <reporter-output>
          </reporter-output>
        </test-method> <!-- openRegisterPage -->
        <test-method signature="verifyMyStore()[pri:6, instance:com.TestCase.RegisterPageTestCases@49438269]" started-at="2026-02-22T15:46:56 IST" name="verifyMyStore" finished-at="2026-02-22T15:47:01 IST" duration-ms="5064" status="FAIL">
          <exception class="org.openqa.selenium.NoSuchElementException">
            <message>
              <![CDATA[no such element: Unable to locate element: {"method":"xpath","selector":"//*[@id="box-navigation"]/section/ul/li[1]/a/svg/use"}
  (Session info: chrome=145.0.7632.76)
For documentation on this error, please visit: https://www.selenium.dev/documentation/webdriver/troubleshooting/errors#no-such-element-exception
Build info: version: '4.18.1', revision: 'b1d3319b48'
System info: os.name: 'Windows 11', os.arch: 'amd64', os.version: '10.0', java.version: '22.0.2'
Driver info: org.openqa.selenium.chrome.ChromeDriver
Command: [86f93d7803f3fb7ff334bf057d5bb981, findElement {value=//*[@id="box-navigation"]/section/ul/li[1]/a/svg/use, using=xpath}]
Capabilities {acceptInsecureCerts: false, browserName: chrome, browserVersion: 145.0.7632.76, chrome: {chromedriverVersion: 145.0.7632.77 (da516187054a..., userDataDir: C:\WINDOWS\SystemTemp\scope...}, fedcm:accounts: true, goog:chromeOptions: {debuggerAddress: localhost:57816}, goog:processID: 3012, networkConnectionEnabled: false, pageLoadStrategy: normal, platformName: windows, proxy: Proxy(), se:cdp: ws://localhost:57816/devtoo..., se:cdpVersion: 145.0.7632.76, setWindowRect: true, strictFileInteractability: false, timeouts: {implicit: 0, pageLoad: 300000, script: 30000}, unhandledPromptBehavior: dismiss and notify, webauthn:extension:credBlob: true, webauthn:extension:largeBlob: true, webauthn:extension:minPinLength: true, webauthn:extension:prf: true, webauthn:virtualAuthenticators: true}
Session ID: 86f93d7803f3fb7ff334bf057d5bb981]]>
            </message>
            <full-stacktrace>
              <![CDATA[org.openqa.selenium.NoSuchElementException: no such element: Unable to locate element: {"method":"xpath","selector":"//*[@id="box-navigation"]/section/ul/li[1]/a/svg/use"}
  (Session info: chrome=145.0.7632.76)
For documentation on this error, please visit: https://www.selenium.dev/documentation/webdriver/troubleshooting/errors#no-such-element-exception
Build info: version: '4.18.1', revision: 'b1d3319b48'
System info: os.name: 'Windows 11', os.arch: 'amd64', os.version: '10.0', java.version: '22.0.2'
Driver info: org.openqa.selenium.chrome.ChromeDriver
Command: [86f93d7803f3fb7ff334bf057d5bb981, findElement {value=//*[@id="box-navigation"]/section/ul/li[1]/a/svg/use, using=xpath}]
Capabilities {acceptInsecureCerts: false, browserName: chrome, browserVersion: 145.0.7632.76, chrome: {chromedriverVersion: 145.0.7632.77 (da516187054a..., userDataDir: C:\WINDOWS\SystemTemp\scope...}, fedcm:accounts: true, goog:chromeOptions: {debuggerAddress: localhost:57816}, goog:processID: 3012, networkConnectionEnabled: false, pageLoadStrategy: normal, platformName: windows, proxy: Proxy(), se:cdp: ws://localhost:57816/devtoo..., se:cdpVersion: 145.0.7632.76, setWindowRect: true, strictFileInteractability: false, timeouts: {implicit: 0, pageLoad: 300000, script: 30000}, unhandledPromptBehavior: dismiss and notify, webauthn:extension:credBlob: true, webauthn:extension:largeBlob: true, webauthn:extension:minPinLength: true, webauthn:extension:prf: true, webauthn:virtualAuthenticators: true}
Session ID: 86f93d7803f3fb7ff334bf057d5bb981
at java.base/jdk.internal.reflect.DirectConstructorHandleAccessor.newInstance(DirectConstructorHandleAccessor.java:62)
at java.base/java.lang.reflect.Constructor.newInstanceWithCaller(Constructor.java:502)
at java.base/java.lang.reflect.Constructor.newInstance(Constructor.java:486)
at org.openqa.selenium.remote.ErrorCodec.decode(ErrorCodec.java:167)
at org.openqa.selenium.remote.codec.w3c.W3CHttpResponseCodec.decode(W3CHttpResponseCodec.java:138)
at org.openqa.selenium.remote.codec.w3c.W3CHttpResponseCodec.decode(W3CHttpResponseCodec.java:50)
at org.openqa.selenium.remote.HttpCommandExecutor.execute(HttpCommandExecutor.java:190)
at org.openqa.selenium.remote.service.DriverCommandExecutor.invokeExecute(DriverCommandExecutor.java:216)
at org.openqa.selenium.remote.service.DriverCommandExecutor.execute(DriverCommandExecutor.java:174)
at org.openqa.selenium.remote.RemoteWebDriver.execute(RemoteWebDriver.java:519)
at org.openqa.selenium.remote.ElementLocation$ElementFinder$2.findElement(ElementLocation.java:165)
at org.openqa.selenium.remote.ElementLocation.findElement(ElementLocation.java:59)
at org.openqa.selenium.remote.RemoteWebDriver.findElement(RemoteWebDriver.java:356)
at org.openqa.selenium.remote.RemoteWebDriver.findElement(RemoteWebDriver.java:350)
at org.openqa.selenium.support.pagefactory.DefaultElementLocator.findElement(DefaultElementLocator.java:68)
at org.openqa.selenium.support.pagefactory.internal.LocatingElementHandler.invoke(LocatingElementHandler.java:38)
at jdk.proxy2/jdk.proxy2.$Proxy14.click(Unknown Source)
at com.JBK.project_Pages.RegisterPage.clickMyStore(RegisterPage.java:57)
at com.TestCase.RegisterPageTestCases.verifyMyStore(RegisterPageTestCases.java:142)
at java.base/jdk.internal.reflect.DirectMethodHandleAccessor.invoke(DirectMethodHandleAccessor.java:103)
at java.base/java.lang.reflect.Method.invoke(Method.java:580)
at org.testng.internal.invokers.MethodInvocationHelper.invokeMethod(MethodInvocationHelper.java:141)
at org.testng.internal.invokers.TestInvoker.invokeMethod(TestInvoker.java:687)
at org.testng.internal.invokers.TestInvoker.invokeTestMethod(TestInvoker.java:230)
at org.testng.internal.invokers.MethodRunner.runInSequence(MethodRunner.java:63)
at org.testng.internal.invokers.TestInvoker$MethodInvocationAgent.invoke(TestInvoker.java:995)
at org.testng.internal.invokers.TestInvoker.invokeTestMethods(TestInvoker.java:203)
at org.testng.internal.invokers.TestMethodWorker.invokeTestMethods(TestMethodWorker.java:154)
at org.testng.internal.invokers.TestMethodWorker.run(TestMethodWorker.java:134)
at java.base/java.util.ArrayList.forEach(ArrayList.java:1597)
at org.testng.TestRunner.privateRun(TestRunner.java:741)
at org.testng.TestRunner.run(TestRunner.java:616)
at org.testng.SuiteRunner.runTest(SuiteRunner.java:421)
at org.testng.SuiteRunner.runSequentially(SuiteRunner.java:413)
at org.testng.SuiteRunner.privateRun(SuiteRunner.java:373)
at org.testng.SuiteRunner.run(SuiteRunner.java:312)
at org.testng.SuiteRunnerWorker.runSuite(SuiteRunnerWorker.java:52)
at org.testng.SuiteRunnerWorker.run(SuiteRunnerWorker.java:95)
at org.testng.TestNG.runSuitesSequentially(TestNG.java:1274)
at org.testng.TestNG.runSuitesLocally(TestNG.java:1208)
at org.testng.TestNG.runSuites(TestNG.java:1112)
at org.testng.TestNG.run(TestNG.java:1079)
at org.testng.remote.AbstractRemoteTestNG.run(AbstractRemoteTestNG.java:115)
at org.testng.remote.RemoteTestNG.initAndRun(RemoteTestNG.java:293)
at org.testng.remote.RemoteTestNG.main(RemoteTestNG.java:91)
]]>
            </full-stacktrace>
          </exception> <!-- org.openqa.selenium.NoSuchElementException -->
          <reporter-output>
          </reporter-output>
        </test-method> <!-- verifyMyStore -->
        <test-method is-config="true" signature="tearDown()[pri:0, instance:com.TestCase.RegisterPageTestCases@49438269]" started-at="2026-02-22T15:47:01 IST" name="tearDown" finished-at="2026-02-22T15:47:01 IST" duration-ms="123" status="PASS">
          <reporter-output>
          </reporter-output>
        </test-method> <!-- tearDown -->
      </class> <!-- com.TestCase.RegisterPageTestCases -->
    </test> <!-- Search Functionality Test -->
  </suite> <!-- JBK Project Suite -->
</testng-results>
