<?xml version="1.0" encoding="UTF-8"?>
<!-- Generated by org.testng.reporters.JUnitReportReporter -->
<testsuite hostname="DESKTOP-E4QNE7I" failures="0" tests="4" name="com.TestCase.LoginPageTestCases" time="9.298" errors="0" timestamp="2026-02-22T11:35:13 IST" skipped="0">
  <testcase classname="com.TestCase.LoginPageTestCases" name="testLogin" time="2.981"/>
  <testcase classname="com.TestCase.LoginPageTestCases" name="testLogin" time="2.140"/>
  <testcase classname="com.TestCase.LoginPageTestCases" name="testLogin" time="2.205"/>
  <testcase classname="com.TestCase.LoginPageTestCases" name="testLogin" time="1.972"/>
</testsuite> <!-- com.TestCase.LoginPageTestCases -->
